# JRE version: Java(TM) SE Runtime Environment (8.0_77-b03) (build 1.8.0_77-b03)
# Java VM: Java HotSpot(TM) 64-Bit Server VM (25.77-b03 mixed mode windows-amd64 compressed oops)
Heap:
 PSYoungGen      total 71680K, used 25674K [0x00000000d5580000, 0x00000000da080000, 0x0000000100000000)
  eden space 66560K, 38% used [0x00000000d5580000,0x00000000d6e92830,0x00000000d9680000)
  from space 5120K, 0% used [0x00000000d9680000,0x00000000d9680000,0x00000000d9b80000)
  to   space 5120K, 0% used [0x00000000d9b80000,0x00000000d9b80000,0x00000000da080000)
 ParOldGen       total 60928K, used 6531K [0x0000000080000000, 0x0000000083b80000, 0x00000000d5580000)
  object space 60928K, 10% used [0x0000000080000000,0x0000000080660e10,0x0000000083b80000)
 Metaspace       used 21758K, capacity 22138K, committed 22448K, reserved 1069056K
  class space    used 2675K, capacity 2784K, committed 2816K, reserved 1048576K
GC Heap History (10 events):
Event: 3.322 GC heap before
{Heap before GC invocations=2 (full 0):
 PSYoungGen      total 38400K, used 37090K [0x00000000d5580000, 0x00000000da080000, 0x0000000100000000)
  eden space 33280K, 100% used [0x00000000d5580000,0x00000000d7600000,0x00000000d7600000)
  from space 5120K, 74% used [0x00000000d7600000,0x00000000d79b89f8,0x00000000d7b00000)
  to   space 5120K, 0% used [0x00000000d9b80000,0x00000000d9b80000,0x00000000da080000)
 ParOldGen       total 87552K, used 8K [0x0000000080000000, 0x0000000085580000, 0x00000000d5580000)
  object space 87552K, 0% used [0x0000000080000000,0x0000000080002000,0x0000000085580000)
 Metaspace       used 9303K, capacity 9428K, committed 9728K, reserved 1058816K
  class space    used 1143K, capacity 1176K, committed 1280K, reserved 1048576K
Event: 3.332 GC heap after
Heap after GC invocations=2 (full 0):
 PSYoungGen      total 71680K, used 4428K [0x00000000d5580000, 0x00000000da080000, 0x0000000100000000)
  eden space 66560K, 0% used [0x00000000d5580000,0x00000000d5580000,0x00000000d9680000)
  from space 5120K, 86% used [0x00000000d9b80000,0x00000000d9fd3040,0x00000000da080000)
  to   space 5120K, 0% used [0x00000000d9680000,0x00000000d9680000,0x00000000d9b80000)
 ParOldGen       total 87552K, used 16K [0x0000000080000000, 0x0000000085580000, 0x00000000d5580000)
  object space 87552K, 0% used [0x0000000080000000,0x0000000080004000,0x0000000085580000)
 Metaspace       used 9303K, capacity 9428K, committed 9728K, reserved 1058816K
  class space    used 1143K, capacity 1176K, committed 1280K, reserved 1048576K
}
Event: 4.311 GC heap before
{Heap before GC invocations=3 (full 0):
 PSYoungGen      total 71680K, used 70988K [0x00000000d5580000, 0x00000000da080000, 0x0000000100000000)
  eden space 66560K, 100% used [0x00000000d5580000,0x00000000d9680000,0x00000000d9680000)
  from space 5120K, 86% used [0x00000000d9b80000,0x00000000d9fd3040,0x00000000da080000)
  to   space 5120K, 0% used [0x00000000d9680000,0x00000000d9680000,0x00000000d9b80000)
 ParOldGen       total 87552K, used 16K [0x0000000080000000, 0x0000000085580000, 0x00000000d5580000)
  object space 87552K, 0% used [0x0000000080000000,0x0000000080004000,0x0000000085580000)
 Metaspace       used 14472K, capacity 14650K, committed 14848K, reserved 1062912K
  class space    used 1749K, capacity 1785K, committed 1792K, reserved 1048576K
Event: 4.320 GC heap after
Heap after GC invocations=3 (full 0):
 PSYoungGen      total 71680K, used 5110K [0x00000000d5580000, 0x00000000da080000, 0x0000000100000000)
  eden space 66560K, 0% used [0x00000000d5580000,0x00000000d5580000,0x00000000d9680000)
  from space 5120K, 99% used [0x00000000d9680000,0x00000000d9b7dbc8,0x00000000d9b80000)
  to   space 5120K, 0% used [0x00000000d9b80000,0x00000000d9b80000,0x00000000da080000)
 ParOldGen       total 87552K, used 2823K [0x0000000080000000, 0x0000000085580000, 0x00000000d5580000)
  object space 87552K, 3% used [0x0000000080000000,0x00000000802c1d08,0x0000000085580000)
 Metaspace       used 14472K, capacity 14650K, committed 14848K, reserved 1062912K
  class space    used 1749K, capacity 1785K, committed 1792K, reserved 1048576K
}
Event: 5.606 GC heap before
{Heap before GC invocations=4 (full 0):
 PSYoungGen      total 71680K, used 71670K [0x00000000d5580000, 0x00000000da080000, 0x0000000100000000)
  eden space 66560K, 100% used [0x00000000d5580000,0x00000000d9680000,0x00000000d9680000)
  from space 5120K, 99% used [0x00000000d9680000,0x00000000d9b7dbc8,0x00000000d9b80000)
  to   space 5120K, 0% used [0x00000000d9b80000,0x00000000d9b80000,0x00000000da080000)
 ParOldGen       total 87552K, used 2823K [0x0000000080000000, 0x0000000085580000, 0x00000000d5580000)
  object space 87552K, 3% used [0x0000000080000000,0x00000000802c1d08,0x0000000085580000)
 Metaspace       used 19674K, capacity 19978K, committed 20096K, reserved 1067008K
  class space    used 2374K, capacity 2432K, committed 2432K, reserved 1048576K
Event: 5.994 GC heap after
Heap after GC invocations=4 (full 0):
 PSYoungGen      total 71680K, used 5095K [0x00000000d5580000, 0x00000000da080000, 0x0000000100000000)
  eden space 66560K, 0% used [0x00000000d5580000,0x00000000d5580000,0x00000000d9680000)
  from space 5120K, 99% used [0x00000000d9b80000,0x00000000da079c08,0x00000000da080000)
  to   space 5120K, 0% used [0x00000000d9680000,0x00000000d9680000,0x00000000d9b80000)
 ParOldGen       total 87552K, used 5456K [0x0000000080000000, 0x0000000085580000, 0x00000000d5580000)
  object space 87552K, 6% used [0x0000000080000000,0x0000000080554110,0x0000000085580000)
 Metaspace       used 19674K, capacity 19978K, committed 20096K, reserved 1067008K
  class space    used 2374K, capacity 2432K, committed 2432K, reserved 1048576K
}
Event: 6.284 GC heap before
{Heap before GC invocations=5 (full 0):
 PSYoungGen      total 71680K, used 24331K [0x00000000d5580000, 0x00000000da080000, 0x0000000100000000)
  eden space 66560K, 28% used [0x00000000d5580000,0x00000000d68490d0,0x00000000d9680000)
  from space 5120K, 99% used [0x00000000d9b80000,0x00000000da079c08,0x00000000da080000)
  to   space 5120K, 0% used [0x00000000d9680000,0x00000000d9680000,0x00000000d9b80000)
 ParOldGen       total 87552K, used 5456K [0x0000000080000000, 0x0000000085580000, 0x00000000d5580000)
  object space 87552K, 6% used [0x0000000080000000,0x0000000080554110,0x0000000085580000)
 Metaspace       used 20835K, capacity 21140K, committed 21296K, reserved 1069056K
  class space    used 2541K, capacity 2623K, committed 2688K, reserved 1048576K
Event: 6.303 GC heap after
Heap after GC invocations=5 (full 0):
 PSYoungGen      total 71680K, used 5110K [0x00000000d5580000, 0x00000000da080000, 0x0000000100000000)
  eden space 66560K, 0% used [0x00000000d5580000,0x00000000d5580000,0x00000000d9680000)
  from space 5120K, 99% used [0x00000000d9680000,0x00000000d9b7dbf8,0x00000000d9b80000)
  to   space 5120K, 0% used [0x00000000d9b80000,0x00000000d9b80000,0x00000000da080000)
 ParOldGen       total 87552K, used 6338K [0x0000000080000000, 0x0000000085580000, 0x00000000d5580000)
  object space 87552K, 7% used [0x0000000080000000,0x00000000806309a8,0x0000000085580000)
 Metaspace       used 20835K, capacity 21140K, committed 21296K, reserved 1069056K
  class space    used 2541K, capacity 2623K, committed 2688K, reserved 1048576K
}
Event: 6.303 GC heap before
{Heap before GC invocations=6 (full 1):
 PSYoungGen      total 71680K, used 5110K [0x00000000d5580000, 0x00000000da080000, 0x0000000100000000)
  eden space 66560K, 0% used [0x00000000d5580000,0x00000000d5580000,0x00000000d9680000)
  from space 5120K, 99% used [0x00000000d9680000,0x00000000d9b7dbf8,0x00000000d9b80000)
  to   space 5120K, 0% used [0x00000000d9b80000,0x00000000d9b80000,0x00000000da080000)
 ParOldGen       total 87552K, used 6338K [0x0000000080000000, 0x0000000085580000, 0x00000000d5580000)
  object space 87552K, 7% used [0x0000000080000000,0x00000000806309a8,0x0000000085580000)
 Metaspace       used 20835K, capacity 21140K, committed 21296K, reserved 1069056K
  class space    used 2541K, capacity 2623K, committed 2688K, reserved 1048576K
Event: 6.780 GC heap after
Heap after GC invocations=6 (full 1):
 PSYoungGen      total 71680K, used 0K [0x00000000d5580000, 0x00000000da080000, 0x0000000100000000)
  eden space 66560K, 0% used [0x00000000d5580000,0x00000000d5580000,0x00000000d9680000)
  from space 5120K, 0% used [0x00000000d9680000,0x00000000d9680000,0x00000000d9b80000)
  to   space 5120K, 0% used [0x00000000d9b80000,0x00000000d9b80000,0x00000000da080000)
 ParOldGen       total 60928K, used 6531K [0x0000000080000000, 0x0000000083b80000, 0x00000000d5580000)
  object space 60928K, 10% used [0x0000000080000000,0x0000000080660e10,0x0000000083b80000)
 Metaspace       used 20835K, capacity 21140K, committed 21296K, reserved 1069056K
  class space    used 2541K, capacity 2623K, committed 2688K, reserved 1048576K
}

