# JRE version: Java(TM) SE Runtime Environment (8.0_77-b03) (build 1.8.0_77-b03)
# Java VM: Java HotSpot(TM) 64-Bit Server VM (25.77-b03 mixed mode windows-amd64 compressed oops)
Heap:
 PSYoungGen      total 252928K, used 221477K [0x00000000d5580000, 0x00000000e5880000, 0x0000000100000000)
  eden space 240640K, 92% used [0x00000000d5580000,0x00000000e2dc9710,0x00000000e4080000)
  from space 12288K, 0% used [0x00000000e4080000,0x00000000e4080000,0x00000000e4c80000)
  to   space 10752K, 0% used [0x00000000e4e00000,0x00000000e4e00000,0x00000000e5880000)
 ParOldGen       total 68096K, used 16448K [0x0000000080000000, 0x0000000084280000, 0x00000000d5580000)
  object space 68096K, 24% used [0x0000000080000000,0x0000000081010388,0x0000000084280000)
 Metaspace       used 41967K, capacity 42500K, committed 42880K, reserved 1087488K
  class space    used 5237K, capacity 5392K, committed 5504K, reserved 1048576K
GC Heap History (10 events):
Event: 6.419 GC heap before
{Heap before GC invocations=7 (full 1):
 PSYoungGen      total 140288K, used 5516K [0x00000000d5580000, 0x00000000de680000, 0x0000000100000000)
  eden space 133120K, 0% used [0x00000000d5580000,0x00000000d5580000,0x00000000dd780000)
  from space 7168K, 76% used [0x00000000ddf80000,0x00000000de4e31c0,0x00000000de680000)
  to   space 7680K, 0% used [0x00000000dd780000,0x00000000dd780000,0x00000000ddf00000)
 ParOldGen       total 87552K, used 3826K [0x0000000080000000, 0x0000000085580000, 0x00000000d5580000)
  object space 87552K, 4% used [0x0000000080000000,0x00000000803bca08,0x0000000085580000)
 Metaspace       used 20768K, capacity 21102K, committed 21296K, reserved 1069056K
  class space    used 2518K, capacity 2590K, committed 2688K, reserved 1048576K
Event: 6.483 GC heap after
Heap after GC invocations=7 (full 1):
 PSYoungGen      total 140288K, used 0K [0x00000000d5580000, 0x00000000de680000, 0x0000000100000000)
  eden space 133120K, 0% used [0x00000000d5580000,0x00000000d5580000,0x00000000dd780000)
  from space 7168K, 0% used [0x00000000ddf80000,0x00000000ddf80000,0x00000000de680000)
  to   space 7680K, 0% used [0x00000000dd780000,0x00000000dd780000,0x00000000ddf00000)
 ParOldGen       total 47616K, used 6315K [0x0000000080000000, 0x0000000082e80000, 0x00000000d5580000)
  object space 47616K, 13% used [0x0000000080000000,0x000000008062aea0,0x0000000082e80000)
 Metaspace       used 20768K, capacity 21102K, committed 21296K, reserved 1069056K
  class space    used 2518K, capacity 2590K, committed 2688K, reserved 1048576K
}
Event: 11.246 GC heap before
{Heap before GC invocations=8 (full 1):
 PSYoungGen      total 140288K, used 133120K [0x00000000d5580000, 0x00000000de680000, 0x0000000100000000)
  eden space 133120K, 100% used [0x00000000d5580000,0x00000000dd780000,0x00000000dd780000)
  from space 7168K, 0% used [0x00000000ddf80000,0x00000000ddf80000,0x00000000de680000)
  to   space 7680K, 0% used [0x00000000dd780000,0x00000000dd780000,0x00000000ddf00000)
 ParOldGen       total 47616K, used 6315K [0x0000000080000000, 0x0000000082e80000, 0x00000000d5580000)
  object space 47616K, 13% used [0x0000000080000000,0x000000008062aea0,0x0000000082e80000)
 Metaspace       used 30920K, capacity 31358K, committed 31616K, reserved 1077248K
  class space    used 3821K, capacity 3951K, committed 3968K, reserved 1048576K
Event: 11.389 GC heap after
Heap after GC invocations=8 (full 1):
 PSYoungGen      total 140800K, used 7666K [0x00000000d5580000, 0x00000000e5900000, 0x0000000100000000)
  eden space 133120K, 0% used [0x00000000d5580000,0x00000000d5580000,0x00000000dd780000)
  from space 7680K, 99% used [0x00000000dd780000,0x00000000ddefcb98,0x00000000ddf00000)
  to   space 11264K, 0% used [0x00000000e4e00000,0x00000000e4e00000,0x00000000e5900000)
 ParOldGen       total 47616K, used 11154K [0x0000000080000000, 0x0000000082e80000, 0x00000000d5580000)
  object space 47616K, 23% used [0x0000000080000000,0x0000000080ae4958,0x0000000082e80000)
 Metaspace       used 30920K, capacity 31358K, committed 31616K, reserved 1077248K
  class space    used 3821K, capacity 3951K, committed 3968K, reserved 1048576K
}
Event: 13.992 GC heap before
{Heap before GC invocations=9 (full 1):
 PSYoungGen      total 140800K, used 140786K [0x00000000d5580000, 0x00000000e5900000, 0x0000000100000000)
  eden space 133120K, 100% used [0x00000000d5580000,0x00000000dd780000,0x00000000dd780000)
  from space 7680K, 99% used [0x00000000dd780000,0x00000000ddefcb98,0x00000000ddf00000)
  to   space 11264K, 0% used [0x00000000e4e00000,0x00000000e4e00000,0x00000000e5900000)
 ParOldGen       total 47616K, used 11154K [0x0000000080000000, 0x0000000082e80000, 0x00000000d5580000)
  object space 47616K, 23% used [0x0000000080000000,0x0000000080ae4958,0x0000000082e80000)
 Metaspace       used 33476K, capacity 33920K, committed 34304K, reserved 1079296K
  class space    used 4152K, capacity 4282K, committed 4352K, reserved 1048576K
Event: 14.055 GC heap after
Heap after GC invocations=9 (full 1):
 PSYoungGen      total 251392K, used 10500K [0x00000000d5580000, 0x00000000e5880000, 0x0000000100000000)
  eden space 240640K, 0% used [0x00000000d5580000,0x00000000d5580000,0x00000000e4080000)
  from space 10752K, 97% used [0x00000000e4e00000,0x00000000e58413d0,0x00000000e5880000)
  to   space 12288K, 0% used [0x00000000e4080000,0x00000000e4080000,0x00000000e4c80000)
 ParOldGen       total 47616K, used 11162K [0x0000000080000000, 0x0000000082e80000, 0x00000000d5580000)
  object space 47616K, 23% used [0x0000000080000000,0x0000000080ae6958,0x0000000082e80000)
 Metaspace       used 33476K, capacity 33920K, committed 34304K, reserved 1079296K
  class space    used 4152K, capacity 4282K, committed 4352K, reserved 1048576K
}
Event: 15.345 GC heap before
{Heap before GC invocations=10 (full 1):
 PSYoungGen      total 251392K, used 151680K [0x00000000d5580000, 0x00000000e5880000, 0x0000000100000000)
  eden space 240640K, 58% used [0x00000000d5580000,0x00000000ddf5ec90,0x00000000e4080000)
  from space 10752K, 97% used [0x00000000e4e00000,0x00000000e58413d0,0x00000000e5880000)
  to   space 12288K, 0% used [0x00000000e4080000,0x00000000e4080000,0x00000000e4c80000)
 ParOldGen       total 47616K, used 11162K [0x0000000080000000, 0x0000000082e80000, 0x00000000d5580000)
  object space 47616K, 23% used [0x0000000080000000,0x0000000080ae6958,0x0000000082e80000)
 Metaspace       used 34773K, capacity 35204K, committed 35456K, reserved 1081344K
  class space    used 4303K, capacity 4448K, committed 4480K, reserved 1048576K
Event: 15.449 GC heap after
Heap after GC invocations=10 (full 1):
 PSYoungGen      total 252928K, used 11318K [0x00000000d5580000, 0x00000000e5880000, 0x0000000100000000)
  eden space 240640K, 0% used [0x00000000d5580000,0x00000000d5580000,0x00000000e4080000)
  from space 12288K, 92% used [0x00000000e4080000,0x00000000e4b8d828,0x00000000e4c80000)
  to   space 10752K, 0% used [0x00000000e4e00000,0x00000000e4e00000,0x00000000e5880000)
 ParOldGen       total 47616K, used 11162K [0x0000000080000000, 0x0000000082e80000, 0x00000000d5580000)
  object space 47616K, 23% used [0x0000000080000000,0x0000000080ae6958,0x0000000082e80000)
 Metaspace       used 34773K, capacity 35204K, committed 35456K, reserved 1081344K
  class space    used 4303K, capacity 4448K, committed 4480K, reserved 1048576K
}
Event: 15.449 GC heap before
{Heap before GC invocations=11 (full 2):
 PSYoungGen      total 252928K, used 11318K [0x00000000d5580000, 0x00000000e5880000, 0x0000000100000000)
  eden space 240640K, 0% used [0x00000000d5580000,0x00000000d5580000,0x00000000e4080000)
  from space 12288K, 92% used [0x00000000e4080000,0x00000000e4b8d828,0x00000000e4c80000)
  to   space 10752K, 0% used [0x00000000e4e00000,0x00000000e4e00000,0x00000000e5880000)
 ParOldGen       total 47616K, used 11162K [0x0000000080000000, 0x0000000082e80000, 0x00000000d5580000)
  object space 47616K, 23% used [0x0000000080000000,0x0000000080ae6958,0x0000000082e80000)
 Metaspace       used 34773K, capacity 35204K, committed 35456K, reserved 1081344K
  class space    used 4303K, capacity 4448K, committed 4480K, reserved 1048576K
Event: 15.605 GC heap after
Heap after GC invocations=11 (full 2):
 PSYoungGen      total 252928K, used 0K [0x00000000d5580000, 0x00000000e5880000, 0x0000000100000000)
  eden space 240640K, 0% used [0x00000000d5580000,0x00000000d5580000,0x00000000e4080000)
  from space 12288K, 0% used [0x00000000e4080000,0x00000000e4080000,0x00000000e4c80000)
  to   space 10752K, 0% used [0x00000000e4e00000,0x00000000e4e00000,0x00000000e5880000)
 ParOldGen       total 68096K, used 16448K [0x0000000080000000, 0x0000000084280000, 0x00000000d5580000)
  object space 68096K, 24% used [0x0000000080000000,0x0000000081010388,0x0000000084280000)
 Metaspace       used 34773K, capacity 35204K, committed 35456K, reserved 1081344K
  class space    used 4303K, capacity 4448K, committed 4480K, reserved 1048576K
}

