# JRE version: Java(TM) SE Runtime Environment (8.0_77-b03) (build 1.8.0_77-b03)
# Java VM: Java HotSpot(TM) 64-Bit Server VM (25.77-b03 mixed mode windows-amd64 compressed oops)
Heap:
 PSYoungGen      total 393216K, used 371966K [0x00000000d5580000, 0x00000000f3700000, 0x0000000100000000)
  eden space 379392K, 94% used [0x00000000d5580000,0x00000000eb344750,0x00000000ec800000)
  from space 13824K, 99% used [0x00000000ed600000,0x00000000ee37b128,0x00000000ee380000)
  to   space 14336K, 0% used [0x00000000ec800000,0x00000000ec800000,0x00000000ed600000)
 ParOldGen       total 73216K, used 34039K [0x0000000080000000, 0x0000000084780000, 0x00000000d5580000)
  object space 73216K, 46% used [0x0000000080000000,0x000000008213de88,0x0000000084780000)
 Metaspace       used 55185K, capacity 55986K, committed 56232K, reserved 1097728K
  class space    used 6795K, capacity 6993K, committed 7080K, reserved 1048576K
GC Heap History (10 events):
Event: 13.917 GC heap before
{Heap before GC invocations=8 (full 1):
 PSYoungGen      total 236544K, used 236525K [0x00000000d5580000, 0x00000000e6a80000, 0x0000000100000000)
  eden space 227840K, 100% used [0x00000000d5580000,0x00000000e3400000,0x00000000e3400000)
  from space 8704K, 99% used [0x00000000e6200000,0x00000000e6a7b740,0x00000000e6a80000)
  to   space 11264K, 0% used [0x00000000e5480000,0x00000000e5480000,0x00000000e5f80000)
 ParOldGen       total 51712K, used 8040K [0x0000000080000000, 0x0000000083280000, 0x00000000d5580000)
  object space 51712K, 15% used [0x0000000080000000,0x00000000807da228,0x0000000083280000)
 Metaspace       used 34400K, capacity 34884K, committed 35120K, reserved 1079296K
  class space    used 4239K, capacity 4382K, committed 4400K, reserved 1048576K
Event: 13.938 GC heap after
Heap after GC invocations=8 (full 1):
 PSYoungGen      total 272384K, used 11255K [0x00000000d5580000, 0x00000000ee380000, 0x0000000100000000)
  eden space 261120K, 0% used [0x00000000d5580000,0x00000000d5580000,0x00000000e5480000)
  from space 11264K, 99% used [0x00000000e5480000,0x00000000e5f7dd10,0x00000000e5f80000)
  to   space 13824K, 0% used [0x00000000ed600000,0x00000000ed600000,0x00000000ee380000)
 ParOldGen       total 51712K, used 10330K [0x0000000080000000, 0x0000000083280000, 0x00000000d5580000)
  object space 51712K, 19% used [0x0000000080000000,0x0000000080a16a58,0x0000000083280000)
 Metaspace       used 34400K, capacity 34884K, committed 35120K, reserved 1079296K
  class space    used 4239K, capacity 4382K, committed 4400K, reserved 1048576K
}
Event: 14.418 GC heap before
{Heap before GC invocations=9 (full 1):
 PSYoungGen      total 272384K, used 74648K [0x00000000d5580000, 0x00000000ee380000, 0x0000000100000000)
  eden space 261120K, 24% used [0x00000000d5580000,0x00000000d9368440,0x00000000e5480000)
  from space 11264K, 99% used [0x00000000e5480000,0x00000000e5f7dd10,0x00000000e5f80000)
  to   space 13824K, 0% used [0x00000000ed600000,0x00000000ed600000,0x00000000ee380000)
 ParOldGen       total 51712K, used 10330K [0x0000000080000000, 0x0000000083280000, 0x00000000d5580000)
  object space 51712K, 19% used [0x0000000080000000,0x0000000080a16a58,0x0000000083280000)
 Metaspace       used 34830K, capacity 35248K, committed 35496K, reserved 1081344K
  class space    used 4288K, capacity 4416K, committed 4520K, reserved 1048576K
Event: 14.453 GC heap after
Heap after GC invocations=9 (full 1):
 PSYoungGen      total 393216K, used 9755K [0x00000000d5580000, 0x00000000f3700000, 0x0000000100000000)
  eden space 379392K, 0% used [0x00000000d5580000,0x00000000d5580000,0x00000000ec800000)
  from space 13824K, 70% used [0x00000000ed600000,0x00000000edf86e30,0x00000000ee380000)
  to   space 14336K, 0% used [0x00000000ec800000,0x00000000ec800000,0x00000000ed600000)
 ParOldGen       total 51712K, used 10338K [0x0000000080000000, 0x0000000083280000, 0x00000000d5580000)
  object space 51712K, 19% used [0x0000000080000000,0x0000000080a18a58,0x0000000083280000)
 Metaspace       used 34830K, capacity 35248K, committed 35496K, reserved 1081344K
  class space    used 4288K, capacity 4416K, committed 4520K, reserved 1048576K
}
Event: 14.453 GC heap before
{Heap before GC invocations=10 (full 2):
 PSYoungGen      total 393216K, used 9755K [0x00000000d5580000, 0x00000000f3700000, 0x0000000100000000)
  eden space 379392K, 0% used [0x00000000d5580000,0x00000000d5580000,0x00000000ec800000)
  from space 13824K, 70% used [0x00000000ed600000,0x00000000edf86e30,0x00000000ee380000)
  to   space 14336K, 0% used [0x00000000ec800000,0x00000000ec800000,0x00000000ed600000)
 ParOldGen       total 51712K, used 10338K [0x0000000080000000, 0x0000000083280000, 0x00000000d5580000)
  object space 51712K, 19% used [0x0000000080000000,0x0000000080a18a58,0x0000000083280000)
 Metaspace       used 34830K, capacity 35248K, committed 35496K, reserved 1081344K
  class space    used 4288K, capacity 4416K, committed 4520K, reserved 1048576K
Event: 14.557 GC heap after
Heap after GC invocations=10 (full 2):
 PSYoungGen      total 393216K, used 0K [0x00000000d5580000, 0x00000000f3700000, 0x0000000100000000)
  eden space 379392K, 0% used [0x00000000d5580000,0x00000000d5580000,0x00000000ec800000)
  from space 13824K, 0% used [0x00000000ed600000,0x00000000ed600000,0x00000000ee380000)
  to   space 14336K, 0% used [0x00000000ec800000,0x00000000ec800000,0x00000000ed600000)
 ParOldGen       total 73216K, used 15495K [0x0000000080000000, 0x0000000084780000, 0x00000000d5580000)
  object space 73216K, 21% used [0x0000000080000000,0x0000000080f21d10,0x0000000084780000)
 Metaspace       used 34830K, capacity 35248K, committed 35496K, reserved 1081344K
  class space    used 4288K, capacity 4416K, committed 4520K, reserved 1048576K
}
Event: 21.145 GC heap before
{Heap before GC invocations=11 (full 2):
 PSYoungGen      total 393216K, used 379392K [0x00000000d5580000, 0x00000000f3700000, 0x0000000100000000)
  eden space 379392K, 100% used [0x00000000d5580000,0x00000000ec800000,0x00000000ec800000)
  from space 13824K, 0% used [0x00000000ed600000,0x00000000ed600000,0x00000000ee380000)
  to   space 14336K, 0% used [0x00000000ec800000,0x00000000ec800000,0x00000000ed600000)
 ParOldGen       total 73216K, used 15495K [0x0000000080000000, 0x0000000084780000, 0x00000000d5580000)
  object space 73216K, 21% used [0x0000000080000000,0x0000000080f21d10,0x0000000084780000)
 Metaspace       used 44988K, capacity 45518K, committed 45992K, reserved 1089536K
  class space    used 5543K, capacity 5685K, committed 5800K, reserved 1048576K
Event: 21.172 GC heap after
Heap after GC invocations=11 (full 2):
 PSYoungGen      total 393728K, used 14316K [0x00000000d5580000, 0x00000000f3700000, 0x0000000100000000)
  eden space 379392K, 0% used [0x00000000d5580000,0x00000000d5580000,0x00000000ec800000)
  from space 14336K, 99% used [0x00000000ec800000,0x00000000ed5fb1b8,0x00000000ed600000)
  to   space 13824K, 0% used [0x00000000ed600000,0x00000000ed600000,0x00000000ee380000)
 ParOldGen       total 73216K, used 21983K [0x0000000080000000, 0x0000000084780000, 0x00000000d5580000)
  object space 73216K, 30% used [0x0000000080000000,0x0000000081577c18,0x0000000084780000)
 Metaspace       used 44988K, capacity 45518K, committed 45992K, reserved 1089536K
  class space    used 5543K, capacity 5685K, committed 5800K, reserved 1048576K
}
Event: 26.496 GC heap before
{Heap before GC invocations=12 (full 2):
 PSYoungGen      total 393728K, used 393708K [0x00000000d5580000, 0x00000000f3700000, 0x0000000100000000)
  eden space 379392K, 100% used [0x00000000d5580000,0x00000000ec800000,0x00000000ec800000)
  from space 14336K, 99% used [0x00000000ec800000,0x00000000ed5fb1b8,0x00000000ed600000)
  to   space 13824K, 0% used [0x00000000ed600000,0x00000000ed600000,0x00000000ee380000)
 ParOldGen       total 73216K, used 21983K [0x0000000080000000, 0x0000000084780000, 0x00000000d5580000)
  object space 73216K, 30% used [0x0000000080000000,0x0000000081577c18,0x0000000084780000)
 Metaspace       used 51753K, capacity 52434K, committed 52776K, reserved 1095680K
  class space    used 6373K, capacity 6571K, committed 6696K, reserved 1048576K
Event: 26.527 GC heap after
Heap after GC invocations=12 (full 2):
 PSYoungGen      total 393216K, used 13804K [0x00000000d5580000, 0x00000000f3700000, 0x0000000100000000)
  eden space 379392K, 0% used [0x00000000d5580000,0x00000000d5580000,0x00000000ec800000)
  from space 13824K, 99% used [0x00000000ed600000,0x00000000ee37b128,0x00000000ee380000)
  to   space 14336K, 0% used [0x00000000ec800000,0x00000000ec800000,0x00000000ed600000)
 ParOldGen       total 73216K, used 34039K [0x0000000080000000, 0x0000000084780000, 0x00000000d5580000)
  object space 73216K, 46% used [0x0000000080000000,0x000000008213de88,0x0000000084780000)
 Metaspace       used 51753K, capacity 52434K, committed 52776K, reserved 1095680K
  class space    used 6373K, capacity 6571K, committed 6696K, reserved 1048576K
}

