# JRE version: Java(TM) SE Runtime Environment (8.0_77-b03) (build 1.8.0_77-b03)
# Java VM: Java HotSpot(TM) 64-Bit Server VM (25.77-b03 mixed mode windows-amd64 compressed oops)
Heap:
 PSYoungGen      total 361472K, used 151130K [0x00000000d5580000, 0x00000000f5400000, 0x0000000100000000)
  eden space 345600K, 40% used [0x00000000d5580000,0x00000000ddcfb0e8,0x00000000ea700000)
  from space 15872K, 78% used [0x00000000ea700000,0x00000000eb31b820,0x00000000eb680000)
  to   space 16896K, 0% used [0x00000000f4380000,0x00000000f4380000,0x00000000f5400000)
 ParOldGen       total 67584K, used 26812K [0x0000000080000000, 0x0000000084200000, 0x00000000d5580000)
  object space 67584K, 39% used [0x0000000080000000,0x0000000081a2f250,0x0000000084200000)
 Metaspace       used 50950K, capacity 51582K, committed 51880K, reserved 1095680K
  class space    used 6360K, capacity 6537K, committed 6568K, reserved 1048576K
GC Heap History (10 events):
Event: 8.934 GC heap before
{Heap before GC invocations=9 (full 1):
 PSYoungGen      total 141312K, used 141287K [0x00000000d5580000, 0x00000000e5780000, 0x0000000100000000)
  eden space 133120K, 100% used [0x00000000d5580000,0x00000000dd780000,0x00000000dd780000)
  from space 8192K, 99% used [0x00000000dd780000,0x00000000ddf79ec8,0x00000000ddf80000)
  to   space 10752K, 0% used [0x00000000e4d00000,0x00000000e4d00000,0x00000000e5780000)
 ParOldGen       total 47104K, used 10134K [0x0000000080000000, 0x0000000082e00000, 0x00000000d5580000)
  object space 47104K, 21% used [0x0000000080000000,0x00000000809e59e8,0x0000000082e00000)
 Metaspace       used 33015K, capacity 33480K, committed 33792K, reserved 1079296K
  class space    used 4138K, capacity 4282K, committed 4352K, reserved 1048576K
Event: 8.948 GC heap after
Heap after GC invocations=9 (full 1):
 PSYoungGen      total 248320K, used 10605K [0x00000000d5580000, 0x00000000e5780000, 0x0000000100000000)
  eden space 237568K, 0% used [0x00000000d5580000,0x00000000d5580000,0x00000000e3d80000)
  from space 10752K, 98% used [0x00000000e4d00000,0x00000000e575b4a0,0x00000000e5780000)
  to   space 12288K, 0% used [0x00000000e3f80000,0x00000000e3f80000,0x00000000e4b80000)
 ParOldGen       total 47104K, used 10142K [0x0000000080000000, 0x0000000082e00000, 0x00000000d5580000)
  object space 47104K, 21% used [0x0000000080000000,0x00000000809e79e8,0x0000000082e00000)
 Metaspace       used 33015K, capacity 33480K, committed 33792K, reserved 1079296K
  class space    used 4138K, capacity 4282K, committed 4352K, reserved 1048576K
}
Event: 10.014 GC heap before
{Heap before GC invocations=10 (full 1):
 PSYoungGen      total 248320K, used 175084K [0x00000000d5580000, 0x00000000e5780000, 0x0000000100000000)
  eden space 237568K, 69% used [0x00000000d5580000,0x00000000df61fce8,0x00000000e3d80000)
  from space 10752K, 98% used [0x00000000e4d00000,0x00000000e575b4a0,0x00000000e5780000)
  to   space 12288K, 0% used [0x00000000e3f80000,0x00000000e3f80000,0x00000000e4b80000)
 ParOldGen       total 47104K, used 10142K [0x0000000080000000, 0x0000000082e00000, 0x00000000d5580000)
  object space 47104K, 21% used [0x0000000080000000,0x00000000809e79e8,0x0000000082e00000)
 Metaspace       used 34901K, capacity 35360K, committed 35496K, reserved 1081344K
  class space    used 4377K, capacity 4516K, committed 4520K, reserved 1048576K
Event: 10.051 GC heap after
Heap after GC invocations=10 (full 1):
 PSYoungGen      total 251904K, used 12172K [0x00000000d5580000, 0x00000000ec400000, 0x0000000100000000)
  eden space 239616K, 0% used [0x00000000d5580000,0x00000000d5580000,0x00000000e3f80000)
  from space 12288K, 99% used [0x00000000e3f80000,0x00000000e4b633f0,0x00000000e4b80000)
  to   space 13824K, 0% used [0x00000000eb680000,0x00000000eb680000,0x00000000ec400000)
 ParOldGen       total 47104K, used 10150K [0x0000000080000000, 0x0000000082e00000, 0x00000000d5580000)
  object space 47104K, 21% used [0x0000000080000000,0x00000000809e99e8,0x0000000082e00000)
 Metaspace       used 34901K, capacity 35360K, committed 35496K, reserved 1081344K
  class space    used 4377K, capacity 4516K, committed 4520K, reserved 1048576K
}
Event: 10.051 GC heap before
{Heap before GC invocations=11 (full 2):
 PSYoungGen      total 251904K, used 12172K [0x00000000d5580000, 0x00000000ec400000, 0x0000000100000000)
  eden space 239616K, 0% used [0x00000000d5580000,0x00000000d5580000,0x00000000e3f80000)
  from space 12288K, 99% used [0x00000000e3f80000,0x00000000e4b633f0,0x00000000e4b80000)
  to   space 13824K, 0% used [0x00000000eb680000,0x00000000eb680000,0x00000000ec400000)
 ParOldGen       total 47104K, used 10150K [0x0000000080000000, 0x0000000082e00000, 0x00000000d5580000)
  object space 47104K, 21% used [0x0000000080000000,0x00000000809e99e8,0x0000000082e00000)
 Metaspace       used 34901K, capacity 35360K, committed 35496K, reserved 1081344K
  class space    used 4377K, capacity 4516K, committed 4520K, reserved 1048576K
Event: 10.124 GC heap after
Heap after GC invocations=11 (full 2):
 PSYoungGen      total 251904K, used 0K [0x00000000d5580000, 0x00000000ec400000, 0x0000000100000000)
  eden space 239616K, 0% used [0x00000000d5580000,0x00000000d5580000,0x00000000e3f80000)
  from space 12288K, 0% used [0x00000000e3f80000,0x00000000e3f80000,0x00000000e4b80000)
  to   space 13824K, 0% used [0x00000000eb680000,0x00000000eb680000,0x00000000ec400000)
 ParOldGen       total 67584K, used 17037K [0x0000000080000000, 0x0000000084200000, 0x00000000d5580000)
  object space 67584K, 25% used [0x0000000080000000,0x00000000810a35e8,0x0000000084200000)
 Metaspace       used 34901K, capacity 35360K, committed 35496K, reserved 1081344K
  class space    used 4377K, capacity 4516K, committed 4520K, reserved 1048576K
}
Event: 13.279 GC heap before
{Heap before GC invocations=12 (full 2):
 PSYoungGen      total 251904K, used 239616K [0x00000000d5580000, 0x00000000ec400000, 0x0000000100000000)
  eden space 239616K, 100% used [0x00000000d5580000,0x00000000e3f80000,0x00000000e3f80000)
  from space 12288K, 0% used [0x00000000e3f80000,0x00000000e3f80000,0x00000000e4b80000)
  to   space 13824K, 0% used [0x00000000eb680000,0x00000000eb680000,0x00000000ec400000)
 ParOldGen       total 67584K, used 17037K [0x0000000080000000, 0x0000000084200000, 0x00000000d5580000)
  object space 67584K, 25% used [0x0000000080000000,0x00000000810a35e8,0x0000000084200000)
 Metaspace       used 42274K, capacity 42818K, committed 43176K, reserved 1087488K
  class space    used 5317K, capacity 5455K, committed 5544K, reserved 1048576K
Event: 13.314 GC heap after
Heap after GC invocations=12 (full 2):
 PSYoungGen      total 359424K, used 13792K [0x00000000d5580000, 0x00000000ec600000, 0x0000000100000000)
  eden space 345600K, 0% used [0x00000000d5580000,0x00000000d5580000,0x00000000ea700000)
  from space 13824K, 99% used [0x00000000eb680000,0x00000000ec3f8030,0x00000000ec400000)
  to   space 15872K, 0% used [0x00000000ea700000,0x00000000ea700000,0x00000000eb680000)
 ParOldGen       total 67584K, used 17955K [0x0000000080000000, 0x0000000084200000, 0x00000000d5580000)
  object space 67584K, 26% used [0x0000000080000000,0x0000000081188e08,0x0000000084200000)
 Metaspace       used 42274K, capacity 42818K, committed 43176K, reserved 1087488K
  class space    used 5317K, capacity 5455K, committed 5544K, reserved 1048576K
}
Event: 16.979 GC heap before
{Heap before GC invocations=13 (full 2):
 PSYoungGen      total 359424K, used 359392K [0x00000000d5580000, 0x00000000ec600000, 0x0000000100000000)
  eden space 345600K, 100% used [0x00000000d5580000,0x00000000ea700000,0x00000000ea700000)
  from space 13824K, 99% used [0x00000000eb680000,0x00000000ec3f8030,0x00000000ec400000)
  to   space 15872K, 0% used [0x00000000ea700000,0x00000000ea700000,0x00000000eb680000)
 ParOldGen       total 67584K, used 17955K [0x0000000080000000, 0x0000000084200000, 0x00000000d5580000)
  object space 67584K, 26% used [0x0000000080000000,0x0000000081188e08,0x0000000084200000)
 Metaspace       used 48723K, capacity 49254K, committed 49832K, reserved 1093632K
  class space    used 6075K, capacity 6213K, committed 6312K, reserved 1048576K
Event: 17.006 GC heap after
Heap after GC invocations=13 (full 2):
 PSYoungGen      total 361472K, used 12398K [0x00000000d5580000, 0x00000000f5400000, 0x0000000100000000)
  eden space 345600K, 0% used [0x00000000d5580000,0x00000000d5580000,0x00000000ea700000)
  from space 15872K, 78% used [0x00000000ea700000,0x00000000eb31b820,0x00000000eb680000)
  to   space 16896K, 0% used [0x00000000f4380000,0x00000000f4380000,0x00000000f5400000)
 ParOldGen       total 67584K, used 26812K [0x0000000080000000, 0x0000000084200000, 0x00000000d5580000)
  object space 67584K, 39% used [0x0000000080000000,0x0000000081a2f250,0x0000000084200000)
 Metaspace       used 48723K, capacity 49254K, committed 49832K, reserved 1093632K
  class space    used 6075K, capacity 6213K, committed 6312K, reserved 1048576K
}

