# JRE version: Java(TM) SE Runtime Environment (8.0_77-b03) (build 1.8.0_77-b03)
# Java VM: Java HotSpot(TM) 64-Bit Server VM (25.77-b03 mixed mode windows-amd64 compressed oops)
Heap:
 PSYoungGen      total 533504K, used 283002K [0x00000000d5580000, 0x00000000f7700000, 0x0000000100000000)
  eden space 520704K, 51% used [0x00000000d5580000,0x00000000e5db5298,0x00000000f5200000)
  from space 12800K, 97% used [0x00000000f6a80000,0x00000000f76a96d8,0x00000000f7700000)
  to   space 18432K, 0% used [0x00000000f5300000,0x00000000f5300000,0x00000000f6500000)
 ParOldGen       total 67072K, used 37032K [0x0000000080000000, 0x0000000084180000, 0x00000000d5580000)
  object space 67072K, 55% used [0x0000000080000000,0x000000008242a0f0,0x0000000084180000)
 Metaspace       used 54141K, capacity 55010K, committed 55248K, reserved 1097728K
  class space    used 6676K, capacity 6861K, committed 6908K, reserved 1048576K
GC Heap History (10 events):
Event: 14.220 GC heap before
{Heap before GC invocations=10 (full 1):
 PSYoungGen      total 251904K, used 251894K [0x00000000d5580000, 0x00000000e6980000, 0x0000000100000000)
  eden space 243712K, 100% used [0x00000000d5580000,0x00000000e4380000,0x00000000e4380000)
  from space 8192K, 99% used [0x00000000e6180000,0x00000000e697d800,0x00000000e6980000)
  to   space 10240K, 0% used [0x00000000e5580000,0x00000000e5580000,0x00000000e5f80000)
 ParOldGen       total 47104K, used 9023K [0x0000000080000000, 0x0000000082e00000, 0x00000000d5580000)
  object space 47104K, 19% used [0x0000000080000000,0x00000000808cfd68,0x0000000082e00000)
 Metaspace       used 34479K, capacity 34948K, committed 35196K, reserved 1079296K
  class space    used 4253K, capacity 4382K, committed 4476K, reserved 1048576K
Event: 14.264 GC heap after
Heap after GC invocations=10 (full 1):
 PSYoungGen      total 272384K, used 10218K [0x00000000d5580000, 0x00000000ecf80000, 0x0000000100000000)
  eden space 262144K, 0% used [0x00000000d5580000,0x00000000d5580000,0x00000000e5580000)
  from space 10240K, 99% used [0x00000000e5580000,0x00000000e5f7ab80,0x00000000e5f80000)
  to   space 12800K, 0% used [0x00000000ec300000,0x00000000ec300000,0x00000000ecf80000)
 ParOldGen       total 47104K, used 12536K [0x0000000080000000, 0x0000000082e00000, 0x00000000d5580000)
  object space 47104K, 26% used [0x0000000080000000,0x0000000080c3e2b0,0x0000000082e00000)
 Metaspace       used 34479K, capacity 34948K, committed 35196K, reserved 1079296K
  class space    used 4253K, capacity 4382K, committed 4476K, reserved 1048576K
}
Event: 14.800 GC heap before
{Heap before GC invocations=11 (full 1):
 PSYoungGen      total 272384K, used 68169K [0x00000000d5580000, 0x00000000ecf80000, 0x0000000100000000)
  eden space 262144K, 22% used [0x00000000d5580000,0x00000000d8e17908,0x00000000e5580000)
  from space 10240K, 99% used [0x00000000e5580000,0x00000000e5f7ab80,0x00000000e5f80000)
  to   space 12800K, 0% used [0x00000000ec300000,0x00000000ec300000,0x00000000ecf80000)
 ParOldGen       total 47104K, used 12536K [0x0000000080000000, 0x0000000082e00000, 0x00000000d5580000)
  object space 47104K, 26% used [0x0000000080000000,0x0000000080c3e2b0,0x0000000082e00000)
 Metaspace       used 35365K, capacity 35792K, committed 36048K, reserved 1081344K
  class space    used 4374K, capacity 4512K, committed 4604K, reserved 1048576K
Event: 14.841 GC heap after
Heap after GC invocations=11 (full 1):
 PSYoungGen      total 374784K, used 6250K [0x00000000d5580000, 0x00000000ef000000, 0x0000000100000000)
  eden space 361984K, 0% used [0x00000000d5580000,0x00000000d5580000,0x00000000eb700000)
  from space 12800K, 48% used [0x00000000ec300000,0x00000000ec91aaf8,0x00000000ecf80000)
  to   space 12288K, 0% used [0x00000000eb700000,0x00000000eb700000,0x00000000ec300000)
 ParOldGen       total 47104K, used 17184K [0x0000000080000000, 0x0000000082e00000, 0x00000000d5580000)
  object space 47104K, 36% used [0x0000000080000000,0x00000000810c82c8,0x0000000082e00000)
 Metaspace       used 35365K, capacity 35792K, committed 36048K, reserved 1081344K
  class space    used 4374K, capacity 4512K, committed 4604K, reserved 1048576K
}
Event: 14.841 GC heap before
{Heap before GC invocations=12 (full 2):
 PSYoungGen      total 374784K, used 6250K [0x00000000d5580000, 0x00000000ef000000, 0x0000000100000000)
  eden space 361984K, 0% used [0x00000000d5580000,0x00000000d5580000,0x00000000eb700000)
  from space 12800K, 48% used [0x00000000ec300000,0x00000000ec91aaf8,0x00000000ecf80000)
  to   space 12288K, 0% used [0x00000000eb700000,0x00000000eb700000,0x00000000ec300000)
 ParOldGen       total 47104K, used 17184K [0x0000000080000000, 0x0000000082e00000, 0x00000000d5580000)
  object space 47104K, 36% used [0x0000000080000000,0x00000000810c82c8,0x0000000082e00000)
 Metaspace       used 35365K, capacity 35792K, committed 36048K, reserved 1081344K
  class space    used 4374K, capacity 4512K, committed 4604K, reserved 1048576K
Event: 14.939 GC heap after
Heap after GC invocations=12 (full 2):
 PSYoungGen      total 374784K, used 0K [0x00000000d5580000, 0x00000000ef000000, 0x0000000100000000)
  eden space 361984K, 0% used [0x00000000d5580000,0x00000000d5580000,0x00000000eb700000)
  from space 12800K, 0% used [0x00000000ec300000,0x00000000ec300000,0x00000000ecf80000)
  to   space 12288K, 0% used [0x00000000eb700000,0x00000000eb700000,0x00000000ec300000)
 ParOldGen       total 67072K, used 15717K [0x0000000080000000, 0x0000000084180000, 0x00000000d5580000)
  object space 67072K, 23% used [0x0000000080000000,0x0000000080f59640,0x0000000084180000)
 Metaspace       used 35365K, capacity 35792K, committed 36048K, reserved 1081344K
  class space    used 4374K, capacity 4512K, committed 4604K, reserved 1048576K
}
Event: 21.151 GC heap before
{Heap before GC invocations=13 (full 2):
 PSYoungGen      total 374784K, used 361984K [0x00000000d5580000, 0x00000000ef000000, 0x0000000100000000)
  eden space 361984K, 100% used [0x00000000d5580000,0x00000000eb700000,0x00000000eb700000)
  from space 12800K, 0% used [0x00000000ec300000,0x00000000ec300000,0x00000000ecf80000)
  to   space 12288K, 0% used [0x00000000eb700000,0x00000000eb700000,0x00000000ec300000)
 ParOldGen       total 67072K, used 15717K [0x0000000080000000, 0x0000000084180000, 0x00000000d5580000)
  object space 67072K, 23% used [0x0000000080000000,0x0000000080f59640,0x0000000084180000)
 Metaspace       used 44998K, capacity 45550K, committed 45904K, reserved 1089536K
  class space    used 5545K, capacity 5717K, committed 5756K, reserved 1048576K
Event: 21.196 GC heap after
Heap after GC invocations=13 (full 2):
 PSYoungGen      total 374272K, used 12260K [0x00000000d5580000, 0x00000000f7b80000, 0x0000000100000000)
  eden space 361984K, 0% used [0x00000000d5580000,0x00000000d5580000,0x00000000eb700000)
  from space 12288K, 99% used [0x00000000eb700000,0x00000000ec2f90e0,0x00000000ec300000)
  to   space 17408K, 0% used [0x00000000f6a80000,0x00000000f6a80000,0x00000000f7b80000)
 ParOldGen       total 67072K, used 25253K [0x0000000080000000, 0x0000000084180000, 0x00000000d5580000)
  object space 67072K, 37% used [0x0000000080000000,0x00000000818a97c0,0x0000000084180000)
 Metaspace       used 44998K, capacity 45550K, committed 45904K, reserved 1089536K
  class space    used 5545K, capacity 5717K, committed 5756K, reserved 1048576K
}
Event: 26.149 GC heap before
{Heap before GC invocations=14 (full 2):
 PSYoungGen      total 374272K, used 374244K [0x00000000d5580000, 0x00000000f7b80000, 0x0000000100000000)
  eden space 361984K, 100% used [0x00000000d5580000,0x00000000eb700000,0x00000000eb700000)
  from space 12288K, 99% used [0x00000000eb700000,0x00000000ec2f90e0,0x00000000ec300000)
  to   space 17408K, 0% used [0x00000000f6a80000,0x00000000f6a80000,0x00000000f7b80000)
 ParOldGen       total 67072K, used 25253K [0x0000000080000000, 0x0000000084180000, 0x00000000d5580000)
  object space 67072K, 37% used [0x0000000080000000,0x00000000818a97c0,0x0000000084180000)
 Metaspace       used 51341K, capacity 52114K, committed 52304K, reserved 1095680K
  class space    used 6324K, capacity 6507K, committed 6524K, reserved 1048576K
Event: 26.202 GC heap after
Heap after GC invocations=14 (full 2):
 PSYoungGen      total 533504K, used 12453K [0x00000000d5580000, 0x00000000f7700000, 0x0000000100000000)
  eden space 520704K, 0% used [0x00000000d5580000,0x00000000d5580000,0x00000000f5200000)
  from space 12800K, 97% used [0x00000000f6a80000,0x00000000f76a96d8,0x00000000f7700000)
  to   space 18432K, 0% used [0x00000000f5300000,0x00000000f5300000,0x00000000f6500000)
 ParOldGen       total 67072K, used 37032K [0x0000000080000000, 0x0000000084180000, 0x00000000d5580000)
  object space 67072K, 55% used [0x0000000080000000,0x000000008242a0f0,0x0000000084180000)
 Metaspace       used 51341K, capacity 52114K, committed 52304K, reserved 1095680K
  class space    used 6324K, capacity 6507K, committed 6524K, reserved 1048576K
}

