# JRE version: Java(TM) SE Runtime Environment (8.0_77-b03) (build 1.8.0_77-b03)
# Java VM: Java HotSpot(TM) 64-Bit Server VM (25.77-b03 mixed mode windows-amd64 compressed oops)
Heap:
 PSYoungGen      total 246272K, used 46595K [0x00000000d5580000, 0x00000000e5c00000, 0x0000000100000000)
  eden space 235520K, 15% used [0x00000000d5580000,0x00000000d7880cc8,0x00000000e3b80000)
  from space 10752K, 100% used [0x00000000e4780000,0x00000000e5200000,0x00000000e5200000)
  to   space 12288K, 0% used [0x00000000e3b80000,0x00000000e3b80000,0x00000000e4780000)
 ParOldGen       total 48640K, used 9680K [0x0000000080000000, 0x0000000082f80000, 0x00000000d5580000)
  object space 48640K, 19% used [0x0000000080000000,0x00000000809743d8,0x0000000082f80000)
 Metaspace       used 33325K, capacity 33812K, committed 34048K, reserved 1079296K
  class space    used 4161K, capacity 4284K, committed 4352K, reserved 1048576K
GC Heap History (10 events):
Event: 4.488 GC heap before
{Heap before GC invocations=5 (full 0):
 PSYoungGen      total 71680K, used 71679K [0x00000000d5580000, 0x00000000da080000, 0x0000000100000000)
  eden space 66560K, 100% used [0x00000000d5580000,0x00000000d9680000,0x00000000d9680000)
  from space 5120K, 99% used [0x00000000d9b80000,0x00000000da07ff18,0x00000000da080000)
  to   space 5120K, 0% used [0x00000000d9680000,0x00000000d9680000,0x00000000d9b80000)
 ParOldGen       total 87552K, used 644K [0x0000000080000000, 0x0000000085580000, 0x00000000d5580000)
  object space 87552K, 0% used [0x0000000080000000,0x00000000800a1280,0x0000000085580000)
 Metaspace       used 19654K, capacity 19996K, committed 20224K, reserved 1067008K
  class space    used 2367K, capacity 2457K, committed 2560K, reserved 1048576K
Event: 4.511 GC heap after
Heap after GC invocations=5 (full 0):
 PSYoungGen      total 71680K, used 5110K [0x00000000d5580000, 0x00000000de780000, 0x0000000100000000)
  eden space 66560K, 0% used [0x00000000d5580000,0x00000000d5580000,0x00000000d9680000)
  from space 5120K, 99% used [0x00000000d9680000,0x00000000d9b7dbf8,0x00000000d9b80000)
  to   space 8192K, 0% used [0x00000000ddf80000,0x00000000ddf80000,0x00000000de780000)
 ParOldGen       total 87552K, used 3253K [0x0000000080000000, 0x0000000085580000, 0x00000000d5580000)
  object space 87552K, 3% used [0x0000000080000000,0x000000008032d718,0x0000000085580000)
 Metaspace       used 19654K, capacity 19996K, committed 20224K, reserved 1067008K
  class space    used 2367K, capacity 2457K, committed 2560K, reserved 1048576K
}
Event: 4.678 GC heap before
{Heap before GC invocations=6 (full 0):
 PSYoungGen      total 71680K, used 21591K [0x00000000d5580000, 0x00000000de780000, 0x0000000100000000)
  eden space 66560K, 24% used [0x00000000d5580000,0x00000000d6598078,0x00000000d9680000)
  from space 5120K, 99% used [0x00000000d9680000,0x00000000d9b7dbf8,0x00000000d9b80000)
  to   space 8192K, 0% used [0x00000000ddf80000,0x00000000ddf80000,0x00000000de780000)
 ParOldGen       total 87552K, used 3253K [0x0000000080000000, 0x0000000085580000, 0x00000000d5580000)
  object space 87552K, 3% used [0x0000000080000000,0x000000008032d718,0x0000000085580000)
 Metaspace       used 20815K, capacity 21140K, committed 21296K, reserved 1069056K
  class space    used 2531K, capacity 2623K, committed 2688K, reserved 1048576K
Event: 4.686 GC heap after
Heap after GC invocations=6 (full 0):
 PSYoungGen      total 141312K, used 6093K [0x00000000d5580000, 0x00000000de780000, 0x0000000100000000)
  eden space 133120K, 0% used [0x00000000d5580000,0x00000000d5580000,0x00000000dd780000)
  from space 8192K, 74% used [0x00000000ddf80000,0x00000000de5737d0,0x00000000de780000)
  to   space 8192K, 0% used [0x00000000dd780000,0x00000000dd780000,0x00000000ddf80000)
 ParOldGen       total 87552K, used 3261K [0x0000000080000000, 0x0000000085580000, 0x00000000d5580000)
  object space 87552K, 3% used [0x0000000080000000,0x000000008032f718,0x0000000085580000)
 Metaspace       used 20815K, capacity 21140K, committed 21296K, reserved 1069056K
  class space    used 2531K, capacity 2623K, committed 2688K, reserved 1048576K
}
Event: 4.686 GC heap before
{Heap before GC invocations=7 (full 1):
 PSYoungGen      total 141312K, used 6093K [0x00000000d5580000, 0x00000000de780000, 0x0000000100000000)
  eden space 133120K, 0% used [0x00000000d5580000,0x00000000d5580000,0x00000000dd780000)
  from space 8192K, 74% used [0x00000000ddf80000,0x00000000de5737d0,0x00000000de780000)
  to   space 8192K, 0% used [0x00000000dd780000,0x00000000dd780000,0x00000000ddf80000)
 ParOldGen       total 87552K, used 3261K [0x0000000080000000, 0x0000000085580000, 0x00000000d5580000)
  object space 87552K, 3% used [0x0000000080000000,0x000000008032f718,0x0000000085580000)
 Metaspace       used 20815K, capacity 21140K, committed 21296K, reserved 1069056K
  class space    used 2531K, capacity 2623K, committed 2688K, reserved 1048576K
Event: 4.733 GC heap after
Heap after GC invocations=7 (full 1):
 PSYoungGen      total 141312K, used 0K [0x00000000d5580000, 0x00000000de780000, 0x0000000100000000)
  eden space 133120K, 0% used [0x00000000d5580000,0x00000000d5580000,0x00000000dd780000)
  from space 8192K, 0% used [0x00000000ddf80000,0x00000000ddf80000,0x00000000de780000)
  to   space 8192K, 0% used [0x00000000dd780000,0x00000000dd780000,0x00000000ddf80000)
 ParOldGen       total 48640K, used 6495K [0x0000000080000000, 0x0000000082f80000, 0x00000000d5580000)
  object space 48640K, 13% used [0x0000000080000000,0x0000000080657ee8,0x0000000082f80000)
 Metaspace       used 20815K, capacity 21140K, committed 21296K, reserved 1069056K
  class space    used 2531K, capacity 2623K, committed 2688K, reserved 1048576K
}
Event: 9.010 GC heap before
{Heap before GC invocations=8 (full 1):
 PSYoungGen      total 141312K, used 133120K [0x00000000d5580000, 0x00000000de780000, 0x0000000100000000)
  eden space 133120K, 100% used [0x00000000d5580000,0x00000000dd780000,0x00000000dd780000)
  from space 8192K, 0% used [0x00000000ddf80000,0x00000000ddf80000,0x00000000de780000)
  to   space 8192K, 0% used [0x00000000dd780000,0x00000000dd780000,0x00000000ddf80000)
 ParOldGen       total 48640K, used 6495K [0x0000000080000000, 0x0000000082f80000, 0x00000000d5580000)
  object space 48640K, 13% used [0x0000000080000000,0x0000000080657ee8,0x0000000082f80000)
 Metaspace       used 29514K, capacity 29926K, committed 30208K, reserved 1075200K
  class space    used 3679K, capacity 3791K, committed 3840K, reserved 1048576K
Event: 9.061 GC heap after
Heap after GC invocations=8 (full 1):
 PSYoungGen      total 141312K, used 8163K [0x00000000d5580000, 0x00000000e5200000, 0x0000000100000000)
  eden space 133120K, 0% used [0x00000000d5580000,0x00000000d5580000,0x00000000dd780000)
  from space 8192K, 99% used [0x00000000dd780000,0x00000000ddf78c18,0x00000000ddf80000)
  to   space 10752K, 0% used [0x00000000e4780000,0x00000000e4780000,0x00000000e5200000)
 ParOldGen       total 48640K, used 9672K [0x0000000080000000, 0x0000000082f80000, 0x00000000d5580000)
  object space 48640K, 19% used [0x0000000080000000,0x00000000809723d8,0x0000000082f80000)
 Metaspace       used 29514K, capacity 29926K, committed 30208K, reserved 1075200K
  class space    used 3679K, capacity 3791K, committed 3840K, reserved 1048576K
}
Event: 12.559 GC heap before
{Heap before GC invocations=9 (full 1):
 PSYoungGen      total 141312K, used 141283K [0x00000000d5580000, 0x00000000e5200000, 0x0000000100000000)
  eden space 133120K, 100% used [0x00000000d5580000,0x00000000dd780000,0x00000000dd780000)
  from space 8192K, 99% used [0x00000000dd780000,0x00000000ddf78c18,0x00000000ddf80000)
  to   space 10752K, 0% used [0x00000000e4780000,0x00000000e4780000,0x00000000e5200000)
 ParOldGen       total 48640K, used 9672K [0x0000000080000000, 0x0000000082f80000, 0x00000000d5580000)
  object space 48640K, 19% used [0x0000000080000000,0x00000000809723d8,0x0000000082f80000)
 Metaspace       used 32971K, capacity 33384K, committed 33792K, reserved 1079296K
  class space    used 4125K, capacity 4250K, committed 4352K, reserved 1048576K
Event: 12.916 GC heap after
Heap after GC invocations=9 (full 1):
 PSYoungGen      total 246272K, used 10752K [0x00000000d5580000, 0x00000000e5c00000, 0x0000000100000000)
  eden space 235520K, 0% used [0x00000000d5580000,0x00000000d5580000,0x00000000e3b80000)
  from space 10752K, 100% used [0x00000000e4780000,0x00000000e5200000,0x00000000e5200000)
  to   space 12288K, 0% used [0x00000000e3b80000,0x00000000e3b80000,0x00000000e4780000)
 ParOldGen       total 48640K, used 9680K [0x0000000080000000, 0x0000000082f80000, 0x00000000d5580000)
  object space 48640K, 19% used [0x0000000080000000,0x00000000809743d8,0x0000000082f80000)
 Metaspace       used 32971K, capacity 33384K, committed 33792K, reserved 1079296K
  class space    used 4125K, capacity 4250K, committed 4352K, reserved 1048576K
}

