# JRE version: Java(TM) SE Runtime Environment (8.0_77-b03) (build 1.8.0_77-b03)
# Java VM: Java HotSpot(TM) 64-Bit Server VM (25.77-b03 mixed mode windows-amd64 compressed oops)
Heap:
 PSYoungGen      total 71680K, used 12520K [0x00000000d5580000, 0x00000000da080000, 0x0000000100000000)
  eden space 66560K, 11% used [0x00000000d5580000,0x00000000d5d3a630,0x00000000d9680000)
  from space 5120K, 89% used [0x00000000d9680000,0x00000000d9affba0,0x00000000d9b80000)
  to   space 5120K, 0% used [0x00000000d9b80000,0x00000000d9b80000,0x00000000da080000)
 ParOldGen       total 50688K, used 6388K [0x0000000080000000, 0x0000000083180000, 0x00000000d5580000)
  object space 50688K, 12% used [0x0000000080000000,0x000000008063d080,0x0000000083180000)
 Metaspace       used 23530K, capacity 23946K, committed 24320K, reserved 1071104K
  class space    used 2887K, capacity 2984K, committed 3072K, reserved 1048576K
GC Heap History (10 events):
Event: 4.471 GC heap before
{Heap before GC invocations=4 (full 0):
 PSYoungGen      total 38400K, used 38380K [0x00000000d5580000, 0x00000000da080000, 0x0000000100000000)
  eden space 33280K, 100% used [0x00000000d5580000,0x00000000d7600000,0x00000000d7600000)
  from space 5120K, 99% used [0x00000000d7600000,0x00000000d7afb090,0x00000000d7b00000)
  to   space 5120K, 0% used [0x00000000d9b80000,0x00000000d9b80000,0x00000000da080000)
 ParOldGen       total 87552K, used 576K [0x0000000080000000, 0x0000000085580000, 0x00000000d5580000)
  object space 87552K, 0% used [0x0000000080000000,0x0000000080090330,0x0000000085580000)
 Metaspace       used 14234K, capacity 14500K, committed 14592K, reserved 1062912K
  class space    used 1712K, capacity 1760K, committed 1792K, reserved 1048576K
Event: 4.479 GC heap after
Heap after GC invocations=4 (full 0):
 PSYoungGen      total 71680K, used 5109K [0x00000000d5580000, 0x00000000da080000, 0x0000000100000000)
  eden space 66560K, 0% used [0x00000000d5580000,0x00000000d5580000,0x00000000d9680000)
  from space 5120K, 99% used [0x00000000d9b80000,0x00000000da07d668,0x00000000da080000)
  to   space 5120K, 0% used [0x00000000d9680000,0x00000000d9680000,0x00000000d9b80000)
 ParOldGen       total 87552K, used 1360K [0x0000000080000000, 0x0000000085580000, 0x00000000d5580000)
  object space 87552K, 1% used [0x0000000080000000,0x0000000080154350,0x0000000085580000)
 Metaspace       used 14234K, capacity 14500K, committed 14592K, reserved 1062912K
  class space    used 1712K, capacity 1760K, committed 1792K, reserved 1048576K
}
Event: 5.679 GC heap before
{Heap before GC invocations=5 (full 0):
 PSYoungGen      total 71680K, used 71669K [0x00000000d5580000, 0x00000000da080000, 0x0000000100000000)
  eden space 66560K, 100% used [0x00000000d5580000,0x00000000d9680000,0x00000000d9680000)
  from space 5120K, 99% used [0x00000000d9b80000,0x00000000da07d668,0x00000000da080000)
  to   space 5120K, 0% used [0x00000000d9680000,0x00000000d9680000,0x00000000d9b80000)
 ParOldGen       total 87552K, used 1360K [0x0000000080000000, 0x0000000085580000, 0x00000000d5580000)
  object space 87552K, 1% used [0x0000000080000000,0x0000000080154350,0x0000000085580000)
 Metaspace       used 19776K, capacity 20178K, committed 20480K, reserved 1067008K
  class space    used 2366K, capacity 2452K, committed 2560K, reserved 1048576K
Event: 5.745 GC heap after
Heap after GC invocations=5 (full 0):
 PSYoungGen      total 71680K, used 5101K [0x00000000d5580000, 0x00000000da080000, 0x0000000100000000)
  eden space 66560K, 0% used [0x00000000d5580000,0x00000000d5580000,0x00000000d9680000)
  from space 5120K, 99% used [0x00000000d9680000,0x00000000d9b7b508,0x00000000d9b80000)
  to   space 5120K, 0% used [0x00000000d9b80000,0x00000000d9b80000,0x00000000da080000)
 ParOldGen       total 87552K, used 4558K [0x0000000080000000, 0x0000000085580000, 0x00000000d5580000)
  object space 87552K, 5% used [0x0000000080000000,0x0000000080473bd0,0x0000000085580000)
 Metaspace       used 19776K, capacity 20178K, committed 20480K, reserved 1067008K
  class space    used 2366K, capacity 2452K, committed 2560K, reserved 1048576K
}
Event: 5.925 GC heap before
{Heap before GC invocations=6 (full 0):
 PSYoungGen      total 71680K, used 16285K [0x00000000d5580000, 0x00000000da080000, 0x0000000100000000)
  eden space 66560K, 16% used [0x00000000d5580000,0x00000000d606bfc0,0x00000000d9680000)
  from space 5120K, 99% used [0x00000000d9680000,0x00000000d9b7b508,0x00000000d9b80000)
  to   space 5120K, 0% used [0x00000000d9b80000,0x00000000d9b80000,0x00000000da080000)
 ParOldGen       total 87552K, used 4558K [0x0000000080000000, 0x0000000085580000, 0x00000000d5580000)
  object space 87552K, 5% used [0x0000000080000000,0x0000000080473bd0,0x0000000085580000)
 Metaspace       used 20702K, capacity 21124K, committed 21296K, reserved 1069056K
  class space    used 2495K, capacity 2599K, committed 2688K, reserved 1048576K
Event: 5.973 GC heap after
Heap after GC invocations=6 (full 0):
 PSYoungGen      total 71680K, used 5117K [0x00000000d5580000, 0x00000000da080000, 0x0000000100000000)
  eden space 66560K, 0% used [0x00000000d5580000,0x00000000d5580000,0x00000000d9680000)
  from space 5120K, 99% used [0x00000000d9b80000,0x00000000da07f538,0x00000000da080000)
  to   space 5120K, 0% used [0x00000000d9680000,0x00000000d9680000,0x00000000d9b80000)
 ParOldGen       total 87552K, used 4944K [0x0000000080000000, 0x0000000085580000, 0x00000000d5580000)
  object space 87552K, 5% used [0x0000000080000000,0x00000000804d4278,0x0000000085580000)
 Metaspace       used 20702K, capacity 21124K, committed 21296K, reserved 1069056K
  class space    used 2495K, capacity 2599K, committed 2688K, reserved 1048576K
}
Event: 5.973 GC heap before
{Heap before GC invocations=7 (full 1):
 PSYoungGen      total 71680K, used 5117K [0x00000000d5580000, 0x00000000da080000, 0x0000000100000000)
  eden space 66560K, 0% used [0x00000000d5580000,0x00000000d5580000,0x00000000d9680000)
  from space 5120K, 99% used [0x00000000d9b80000,0x00000000da07f538,0x00000000da080000)
  to   space 5120K, 0% used [0x00000000d9680000,0x00000000d9680000,0x00000000d9b80000)
 ParOldGen       total 87552K, used 4944K [0x0000000080000000, 0x0000000085580000, 0x00000000d5580000)
  object space 87552K, 5% used [0x0000000080000000,0x00000000804d4278,0x0000000085580000)
 Metaspace       used 20702K, capacity 21124K, committed 21296K, reserved 1069056K
  class space    used 2495K, capacity 2599K, committed 2688K, reserved 1048576K
Event: 6.114 GC heap after
Heap after GC invocations=7 (full 1):
 PSYoungGen      total 71680K, used 0K [0x00000000d5580000, 0x00000000da080000, 0x0000000100000000)
  eden space 66560K, 0% used [0x00000000d5580000,0x00000000d5580000,0x00000000d9680000)
  from space 5120K, 0% used [0x00000000d9b80000,0x00000000d9b80000,0x00000000da080000)
  to   space 5120K, 0% used [0x00000000d9680000,0x00000000d9680000,0x00000000d9b80000)
 ParOldGen       total 50688K, used 6380K [0x0000000080000000, 0x0000000083180000, 0x00000000d5580000)
  object space 50688K, 12% used [0x0000000080000000,0x000000008063b080,0x0000000083180000)
 Metaspace       used 20702K, capacity 21124K, committed 21296K, reserved 1069056K
  class space    used 2495K, capacity 2599K, committed 2688K, reserved 1048576K
}
Event: 7.505 GC heap before
{Heap before GC invocations=8 (full 1):
 PSYoungGen      total 71680K, used 66560K [0x00000000d5580000, 0x00000000da080000, 0x0000000100000000)
  eden space 66560K, 100% used [0x00000000d5580000,0x00000000d9680000,0x00000000d9680000)
  from space 5120K, 0% used [0x00000000d9b80000,0x00000000d9b80000,0x00000000da080000)
  to   space 5120K, 0% used [0x00000000d9680000,0x00000000d9680000,0x00000000d9b80000)
 ParOldGen       total 50688K, used 6380K [0x0000000080000000, 0x0000000083180000, 0x00000000d5580000)
  object space 50688K, 12% used [0x0000000080000000,0x000000008063b080,0x0000000083180000)
 Metaspace       used 22805K, capacity 23274K, committed 23424K, reserved 1069056K
  class space    used 2779K, capacity 2888K, committed 2944K, reserved 1048576K
Event: 7.526 GC heap after
Heap after GC invocations=8 (full 1):
 PSYoungGen      total 71680K, used 4606K [0x00000000d5580000, 0x00000000da080000, 0x0000000100000000)
  eden space 66560K, 0% used [0x00000000d5580000,0x00000000d5580000,0x00000000d9680000)
  from space 5120K, 89% used [0x00000000d9680000,0x00000000d9affba0,0x00000000d9b80000)
  to   space 5120K, 0% used [0x00000000d9b80000,0x00000000d9b80000,0x00000000da080000)
 ParOldGen       total 50688K, used 6388K [0x0000000080000000, 0x0000000083180000, 0x00000000d5580000)
  object space 50688K, 12% used [0x0000000080000000,0x000000008063d080,0x0000000083180000)
 Metaspace       used 22805K, capacity 23274K, committed 23424K, reserved 1069056K
  class space    used 2779K, capacity 2888K, committed 2944K, reserved 1048576K
}

