# JRE version: Java(TM) SE Runtime Environment (8.0_77-b03) (build 1.8.0_77-b03)
# Java VM: Java HotSpot(TM) 64-Bit Server VM (25.77-b03 mixed mode windows-amd64 compressed oops)
Heap:
 PSYoungGen      total 259584K, used 151139K [0x00000000d5580000, 0x00000000e6400000, 0x0000000100000000)
  eden space 250368K, 56% used [0x00000000d5580000,0x00000000de0a69c8,0x00000000e4a00000)
  from space 9216K, 93% used [0x00000000e5b00000,0x00000000e63724b0,0x00000000e6400000)
  to   space 13312K, 0% used [0x00000000e4a00000,0x00000000e4a00000,0x00000000e5700000)
 ParOldGen       total 92160K, used 16300K [0x0000000080000000, 0x0000000085a00000, 0x00000000d5580000)
  object space 92160K, 17% used [0x0000000080000000,0x0000000080feb040,0x0000000085a00000)
 Metaspace       used 44165K, capacity 44648K, committed 45056K, reserved 1089536K
  class space    used 5468K, capacity 5588K, committed 5632K, reserved 1048576K
GC Heap History (10 events):
Event: 9.204 GC heap before
{Heap before GC invocations=8 (full 1):
 PSYoungGen      total 140288K, used 133120K [0x00000000d5580000, 0x00000000de680000, 0x0000000100000000)
  eden space 133120K, 100% used [0x00000000d5580000,0x00000000dd780000,0x00000000dd780000)
  from space 7168K, 0% used [0x00000000ddf80000,0x00000000ddf80000,0x00000000de680000)
  to   space 7680K, 0% used [0x00000000dd780000,0x00000000dd780000,0x00000000ddf00000)
 ParOldGen       total 58368K, used 6135K [0x0000000080000000, 0x0000000083900000, 0x00000000d5580000)
  object space 58368K, 10% used [0x0000000080000000,0x00000000805fdf88,0x0000000083900000)
 Metaspace       used 29118K, capacity 29514K, committed 29824K, reserved 1075200K
  class space    used 3567K, capacity 3695K, committed 3712K, reserved 1048576K
Event: 9.316 GC heap after
Heap after GC invocations=8 (full 1):
 PSYoungGen      total 140800K, used 7673K [0x00000000d5580000, 0x00000000e2980000, 0x0000000100000000)
  eden space 133120K, 0% used [0x00000000d5580000,0x00000000d5580000,0x00000000dd780000)
  from space 7680K, 99% used [0x00000000dd780000,0x00000000ddefe448,0x00000000ddf00000)
  to   space 10240K, 0% used [0x00000000e1f80000,0x00000000e1f80000,0x00000000e2980000)
 ParOldGen       total 58368K, used 9505K [0x0000000080000000, 0x0000000083900000, 0x00000000d5580000)
  object space 58368K, 16% used [0x0000000080000000,0x00000000809487e0,0x0000000083900000)
 Metaspace       used 29118K, capacity 29514K, committed 29824K, reserved 1075200K
  class space    used 3567K, capacity 3695K, committed 3712K, reserved 1048576K
}
Event: 11.800 GC heap before
{Heap before GC invocations=9 (full 1):
 PSYoungGen      total 140800K, used 140793K [0x00000000d5580000, 0x00000000e2980000, 0x0000000100000000)
  eden space 133120K, 100% used [0x00000000d5580000,0x00000000dd780000,0x00000000dd780000)
  from space 7680K, 99% used [0x00000000dd780000,0x00000000ddefe448,0x00000000ddf00000)
  to   space 10240K, 0% used [0x00000000e1f80000,0x00000000e1f80000,0x00000000e2980000)
 ParOldGen       total 58368K, used 9505K [0x0000000080000000, 0x0000000083900000, 0x00000000d5580000)
  object space 58368K, 16% used [0x0000000080000000,0x00000000809487e0,0x0000000083900000)
 Metaspace       used 33547K, capacity 34060K, committed 34304K, reserved 1079296K
  class space    used 4145K, capacity 4282K, committed 4352K, reserved 1048576K
Event: 11.832 GC heap after
Heap after GC invocations=9 (full 1):
 PSYoungGen      total 200192K, used 10225K [0x00000000d5580000, 0x00000000e2980000, 0x0000000100000000)
  eden space 189952K, 0% used [0x00000000d5580000,0x00000000d5580000,0x00000000e0f00000)
  from space 10240K, 99% used [0x00000000e1f80000,0x00000000e297c568,0x00000000e2980000)
  to   space 12288K, 0% used [0x00000000e1180000,0x00000000e1180000,0x00000000e1d80000)
 ParOldGen       total 58368K, used 10868K [0x0000000080000000, 0x0000000083900000, 0x00000000d5580000)
  object space 58368K, 18% used [0x0000000080000000,0x0000000080a9d120,0x0000000083900000)
 Metaspace       used 33547K, capacity 34060K, committed 34304K, reserved 1079296K
  class space    used 4145K, capacity 4282K, committed 4352K, reserved 1048576K
}
Event: 12.934 GC heap before
{Heap before GC invocations=10 (full 1):
 PSYoungGen      total 200192K, used 165676K [0x00000000d5580000, 0x00000000e2980000, 0x0000000100000000)
  eden space 189952K, 81% used [0x00000000d5580000,0x00000000ded4eb90,0x00000000e0f00000)
  from space 10240K, 99% used [0x00000000e1f80000,0x00000000e297c568,0x00000000e2980000)
  to   space 12288K, 0% used [0x00000000e1180000,0x00000000e1180000,0x00000000e1d80000)
 ParOldGen       total 58368K, used 10868K [0x0000000080000000, 0x0000000083900000, 0x00000000d5580000)
  object space 58368K, 18% used [0x0000000080000000,0x0000000080a9d120,0x0000000083900000)
 Metaspace       used 34820K, capacity 35248K, committed 35456K, reserved 1081344K
  class space    used 4285K, capacity 4416K, committed 4480K, reserved 1048576K
Event: 13.100 GC heap after
Heap after GC invocations=10 (full 1):
 PSYoungGen      total 204800K, used 11219K [0x00000000d5580000, 0x00000000e6880000, 0x0000000100000000)
  eden space 192512K, 0% used [0x00000000d5580000,0x00000000d5580000,0x00000000e1180000)
  from space 12288K, 91% used [0x00000000e1180000,0x00000000e1c74fa8,0x00000000e1d80000)
  to   space 13824K, 0% used [0x00000000e5b00000,0x00000000e5b00000,0x00000000e6880000)
 ParOldGen       total 58368K, used 10868K [0x0000000080000000, 0x0000000083900000, 0x00000000d5580000)
  object space 58368K, 18% used [0x0000000080000000,0x0000000080a9d120,0x0000000083900000)
 Metaspace       used 34820K, capacity 35248K, committed 35456K, reserved 1081344K
  class space    used 4285K, capacity 4416K, committed 4480K, reserved 1048576K
}
Event: 13.101 GC heap before
{Heap before GC invocations=11 (full 2):
 PSYoungGen      total 204800K, used 11219K [0x00000000d5580000, 0x00000000e6880000, 0x0000000100000000)
  eden space 192512K, 0% used [0x00000000d5580000,0x00000000d5580000,0x00000000e1180000)
  from space 12288K, 91% used [0x00000000e1180000,0x00000000e1c74fa8,0x00000000e1d80000)
  to   space 13824K, 0% used [0x00000000e5b00000,0x00000000e5b00000,0x00000000e6880000)
 ParOldGen       total 58368K, used 10868K [0x0000000080000000, 0x0000000083900000, 0x00000000d5580000)
  object space 58368K, 18% used [0x0000000080000000,0x0000000080a9d120,0x0000000083900000)
 Metaspace       used 34820K, capacity 35248K, committed 35456K, reserved 1081344K
  class space    used 4285K, capacity 4416K, committed 4480K, reserved 1048576K
Event: 13.509 GC heap after
Heap after GC invocations=11 (full 2):
 PSYoungGen      total 204800K, used 0K [0x00000000d5580000, 0x00000000e6880000, 0x0000000100000000)
  eden space 192512K, 0% used [0x00000000d5580000,0x00000000d5580000,0x00000000e1180000)
  from space 12288K, 0% used [0x00000000e1180000,0x00000000e1180000,0x00000000e1d80000)
  to   space 13824K, 0% used [0x00000000e5b00000,0x00000000e5b00000,0x00000000e6880000)
 ParOldGen       total 92160K, used 16292K [0x0000000080000000, 0x0000000085a00000, 0x00000000d5580000)
  object space 92160K, 17% used [0x0000000080000000,0x0000000080fe9040,0x0000000085a00000)
 Metaspace       used 34820K, capacity 35248K, committed 35456K, reserved 1081344K
  class space    used 4285K, capacity 4416K, committed 4480K, reserved 1048576K
}
Event: 16.470 GC heap before
{Heap before GC invocations=12 (full 2):
 PSYoungGen      total 204800K, used 192512K [0x00000000d5580000, 0x00000000e6880000, 0x0000000100000000)
  eden space 192512K, 100% used [0x00000000d5580000,0x00000000e1180000,0x00000000e1180000)
  from space 12288K, 0% used [0x00000000e1180000,0x00000000e1180000,0x00000000e1d80000)
  to   space 13824K, 0% used [0x00000000e5b00000,0x00000000e5b00000,0x00000000e6880000)
 ParOldGen       total 92160K, used 16292K [0x0000000080000000, 0x0000000085a00000, 0x00000000d5580000)
  object space 92160K, 17% used [0x0000000080000000,0x0000000080fe9040,0x0000000085a00000)
 Metaspace       used 40040K, capacity 40528K, committed 40832K, reserved 1085440K
  class space    used 5001K, capacity 5136K, committed 5248K, reserved 1048576K
Event: 16.504 GC heap after
Heap after GC invocations=12 (full 2):
 PSYoungGen      total 259584K, used 8649K [0x00000000d5580000, 0x00000000e6400000, 0x0000000100000000)
  eden space 250368K, 0% used [0x00000000d5580000,0x00000000d5580000,0x00000000e4a00000)
  from space 9216K, 93% used [0x00000000e5b00000,0x00000000e63724b0,0x00000000e6400000)
  to   space 13312K, 0% used [0x00000000e4a00000,0x00000000e4a00000,0x00000000e5700000)
 ParOldGen       total 92160K, used 16300K [0x0000000080000000, 0x0000000085a00000, 0x00000000d5580000)
  object space 92160K, 17% used [0x0000000080000000,0x0000000080feb040,0x0000000085a00000)
 Metaspace       used 40040K, capacity 40528K, committed 40832K, reserved 1085440K
  class space    used 5001K, capacity 5136K, committed 5248K, reserved 1048576K
}

