# JRE version: Java(TM) SE Runtime Environment (8.0_77-b03) (build 1.8.0_77-b03)
# Java VM: Java HotSpot(TM) 64-Bit Server VM (25.77-b03 mixed mode windows-amd64 compressed oops)
Heap:
 PSYoungGen      total 382976K, used 238970K [0x00000000d5580000, 0x00000000fa300000, 0x0000000100000000)
  eden space 368640K, 60% used [0x00000000d5580000,0x00000000e30dfd60,0x00000000ebd80000)
  from space 14336K, 99% used [0x00000000ebd80000,0x00000000ecb7ee38,0x00000000ecb80000)
  to   space 18432K, 0% used [0x00000000f9100000,0x00000000f9100000,0x00000000fa300000)
 ParOldGen       total 66048K, used 21442K [0x0000000080000000, 0x0000000084080000, 0x00000000d5580000)
  object space 66048K, 32% used [0x0000000080000000,0x00000000814f0910,0x0000000084080000)
 Metaspace       used 49123K, capacity 49710K, committed 50088K, reserved 1093632K
  class space    used 6036K, capacity 6197K, committed 6312K, reserved 1048576K
GC Heap History (10 events):
Event: 9.739 GC heap before
{Heap before GC invocations=7 (full 1):
 PSYoungGen      total 138240K, used 133120K [0x00000000d5580000, 0x00000000e6a80000, 0x0000000100000000)
  eden space 133120K, 100% used [0x00000000d5580000,0x00000000dd780000,0x00000000dd780000)
  from space 5120K, 0% used [0x00000000dd780000,0x00000000dd780000,0x00000000ddc80000)
  to   space 8704K, 0% used [0x00000000e6200000,0x00000000e6200000,0x00000000e6a80000)
 ParOldGen       total 52736K, used 6171K [0x0000000080000000, 0x0000000083380000, 0x00000000d5580000)
  object space 52736K, 11% used [0x0000000080000000,0x0000000080606f50,0x0000000083380000)
 Metaspace       used 28949K, capacity 29386K, committed 29616K, reserved 1075200K
  class space    used 3542K, capacity 3695K, committed 3760K, reserved 1048576K
Event: 9.784 GC heap after
Heap after GC invocations=7 (full 1):
 PSYoungGen      total 232960K, used 8674K [0x00000000d5580000, 0x00000000e6a80000, 0x0000000100000000)
  eden space 224256K, 0% used [0x00000000d5580000,0x00000000d5580000,0x00000000e3080000)
  from space 8704K, 99% used [0x00000000e6200000,0x00000000e6a78b38,0x00000000e6a80000)
  to   space 11264K, 0% used [0x00000000e5480000,0x00000000e5480000,0x00000000e5f80000)
 ParOldGen       total 52736K, used 8259K [0x0000000080000000, 0x0000000083380000, 0x00000000d5580000)
  object space 52736K, 15% used [0x0000000080000000,0x0000000080810d90,0x0000000083380000)
 Metaspace       used 28949K, capacity 29386K, committed 29616K, reserved 1075200K
  class space    used 3542K, capacity 3695K, committed 3760K, reserved 1048576K
}
Event: 13.893 GC heap before
{Heap before GC invocations=8 (full 1):
 PSYoungGen      total 232960K, used 232930K [0x00000000d5580000, 0x00000000e6a80000, 0x0000000100000000)
  eden space 224256K, 100% used [0x00000000d5580000,0x00000000e3080000,0x00000000e3080000)
  from space 8704K, 99% used [0x00000000e6200000,0x00000000e6a78b38,0x00000000e6a80000)
  to   space 11264K, 0% used [0x00000000e5480000,0x00000000e5480000,0x00000000e5f80000)
 ParOldGen       total 52736K, used 8259K [0x0000000080000000, 0x0000000083380000, 0x00000000d5580000)
  object space 52736K, 15% used [0x0000000080000000,0x0000000080810d90,0x0000000083380000)
 Metaspace       used 34397K, capacity 34884K, committed 35120K, reserved 1079296K
  class space    used 4241K, capacity 4382K, committed 4400K, reserved 1048576K
Event: 13.934 GC heap after
Heap after GC invocations=8 (full 1):
 PSYoungGen      total 272384K, used 11246K [0x00000000d5580000, 0x00000000ed980000, 0x0000000100000000)
  eden space 261120K, 0% used [0x00000000d5580000,0x00000000d5580000,0x00000000e5480000)
  from space 11264K, 99% used [0x00000000e5480000,0x00000000e5f7ba18,0x00000000e5f80000)
  to   space 14336K, 0% used [0x00000000ecb80000,0x00000000ecb80000,0x00000000ed980000)
 ParOldGen       total 52736K, used 10466K [0x0000000080000000, 0x0000000083380000, 0x00000000d5580000)
  object space 52736K, 19% used [0x0000000080000000,0x0000000080a38b50,0x0000000083380000)
 Metaspace       used 34397K, capacity 34884K, committed 35120K, reserved 1079296K
  class space    used 4241K, capacity 4382K, committed 4400K, reserved 1048576K
}
Event: 14.464 GC heap before
{Heap before GC invocations=9 (full 1):
 PSYoungGen      total 272384K, used 78740K [0x00000000d5580000, 0x00000000ed980000, 0x0000000100000000)
  eden space 261120K, 25% used [0x00000000d5580000,0x00000000d9769808,0x00000000e5480000)
  from space 11264K, 99% used [0x00000000e5480000,0x00000000e5f7ba18,0x00000000e5f80000)
  to   space 14336K, 0% used [0x00000000ecb80000,0x00000000ecb80000,0x00000000ed980000)
 ParOldGen       total 52736K, used 10466K [0x0000000080000000, 0x0000000083380000, 0x00000000d5580000)
  object space 52736K, 19% used [0x0000000080000000,0x0000000080a38b50,0x0000000083380000)
 Metaspace       used 34817K, capacity 35248K, committed 35496K, reserved 1081344K
  class space    used 4287K, capacity 4416K, committed 4520K, reserved 1048576K
Event: 15.146 GC heap after
Heap after GC invocations=9 (full 1):
 PSYoungGen      total 382976K, used 9855K [0x00000000d5580000, 0x00000000f5d80000, 0x0000000100000000)
  eden space 368640K, 0% used [0x00000000d5580000,0x00000000d5580000,0x00000000ebd80000)
  from space 14336K, 68% used [0x00000000ecb80000,0x00000000ed51fd58,0x00000000ed980000)
  to   space 14336K, 0% used [0x00000000ebd80000,0x00000000ebd80000,0x00000000ecb80000)
 ParOldGen       total 52736K, used 10466K [0x0000000080000000, 0x0000000083380000, 0x00000000d5580000)
  object space 52736K, 19% used [0x0000000080000000,0x0000000080a38b50,0x0000000083380000)
 Metaspace       used 34817K, capacity 35248K, committed 35496K, reserved 1081344K
  class space    used 4287K, capacity 4416K, committed 4520K, reserved 1048576K
}
Event: 15.146 GC heap before
{Heap before GC invocations=10 (full 2):
 PSYoungGen      total 382976K, used 9855K [0x00000000d5580000, 0x00000000f5d80000, 0x0000000100000000)
  eden space 368640K, 0% used [0x00000000d5580000,0x00000000d5580000,0x00000000ebd80000)
  from space 14336K, 68% used [0x00000000ecb80000,0x00000000ed51fd58,0x00000000ed980000)
  to   space 14336K, 0% used [0x00000000ebd80000,0x00000000ebd80000,0x00000000ecb80000)
 ParOldGen       total 52736K, used 10466K [0x0000000080000000, 0x0000000083380000, 0x00000000d5580000)
  object space 52736K, 19% used [0x0000000080000000,0x0000000080a38b50,0x0000000083380000)
 Metaspace       used 34817K, capacity 35248K, committed 35496K, reserved 1081344K
  class space    used 4287K, capacity 4416K, committed 4520K, reserved 1048576K
Event: 15.304 GC heap after
Heap after GC invocations=10 (full 2):
 PSYoungGen      total 382976K, used 0K [0x00000000d5580000, 0x00000000f5d80000, 0x0000000100000000)
  eden space 368640K, 0% used [0x00000000d5580000,0x00000000d5580000,0x00000000ebd80000)
  from space 14336K, 0% used [0x00000000ecb80000,0x00000000ecb80000,0x00000000ed980000)
  to   space 14336K, 0% used [0x00000000ebd80000,0x00000000ebd80000,0x00000000ecb80000)
 ParOldGen       total 66048K, used 15500K [0x0000000080000000, 0x0000000084080000, 0x00000000d5580000)
  object space 66048K, 23% used [0x0000000080000000,0x0000000080f23158,0x0000000084080000)
 Metaspace       used 34817K, capacity 35248K, committed 35496K, reserved 1081344K
  class space    used 4287K, capacity 4416K, committed 4520K, reserved 1048576K
}
Event: 22.640 GC heap before
{Heap before GC invocations=11 (full 2):
 PSYoungGen      total 382976K, used 368640K [0x00000000d5580000, 0x00000000f5d80000, 0x0000000100000000)
  eden space 368640K, 100% used [0x00000000d5580000,0x00000000ebd80000,0x00000000ebd80000)
  from space 14336K, 0% used [0x00000000ecb80000,0x00000000ecb80000,0x00000000ed980000)
  to   space 14336K, 0% used [0x00000000ebd80000,0x00000000ebd80000,0x00000000ecb80000)
 ParOldGen       total 66048K, used 15500K [0x0000000080000000, 0x0000000084080000, 0x00000000d5580000)
  object space 66048K, 23% used [0x0000000080000000,0x0000000080f23158,0x0000000084080000)
 Metaspace       used 44957K, capacity 45550K, committed 45992K, reserved 1089536K
  class space    used 5544K, capacity 5717K, committed 5800K, reserved 1048576K
Event: 22.684 GC heap after
Heap after GC invocations=11 (full 2):
 PSYoungGen      total 382976K, used 14331K [0x00000000d5580000, 0x00000000fa300000, 0x0000000100000000)
  eden space 368640K, 0% used [0x00000000d5580000,0x00000000d5580000,0x00000000ebd80000)
  from space 14336K, 99% used [0x00000000ebd80000,0x00000000ecb7ee38,0x00000000ecb80000)
  to   space 18432K, 0% used [0x00000000f9100000,0x00000000f9100000,0x00000000fa300000)
 ParOldGen       total 66048K, used 21442K [0x0000000080000000, 0x0000000084080000, 0x00000000d5580000)
  object space 66048K, 32% used [0x0000000080000000,0x00000000814f0910,0x0000000084080000)
 Metaspace       used 44957K, capacity 45550K, committed 45992K, reserved 1089536K
  class space    used 5544K, capacity 5717K, committed 5800K, reserved 1048576K
}

