# JRE version: Java(TM) SE Runtime Environment (8.0_77-b03) (build 1.8.0_77-b03)
# Java VM: Java HotSpot(TM) 64-Bit Server VM (25.77-b03 mixed mode windows-amd64 compressed oops)
Heap:
 PSYoungGen      total 571392K, used 19541K [0x00000000d5580000, 0x0000000100000000, 0x0000000100000000)
  eden space 545792K, 3% used [0x00000000d5580000,0x00000000d6895458,0x00000000f6a80000)
  from space 25600K, 0% used [0x00000000f6a80000,0x00000000f6a80000,0x00000000f8380000)
  to   space 24576K, 0% used [0x00000000fe800000,0x00000000fe800000,0x0000000100000000)
 ParOldGen       total 119296K, used 35184K [0x0000000080000000, 0x0000000087480000, 0x00000000d5580000)
  object space 119296K, 29% used [0x0000000080000000,0x000000008225c350,0x0000000087480000)
 Metaspace       used 59053K, capacity 59858K, committed 60056K, reserved 1101824K
  class space    used 7237K, capacity 7447K, committed 7464K, reserved 1048576K
GC Heap History (10 events):
Event: 12.957 GC heap before
{Heap before GC invocations=10 (full 2):
 PSYoungGen      total 425984K, used 11091K [0x00000000d5580000, 0x00000000f3280000, 0x0000000100000000)
  eden space 411648K, 0% used [0x00000000d5580000,0x00000000d5580000,0x00000000ee780000)
  from space 14336K, 77% used [0x00000000ef600000,0x00000000f00d4ff8,0x00000000f0400000)
  to   space 14848K, 0% used [0x00000000ee780000,0x00000000ee780000,0x00000000ef600000)
 ParOldGen       total 50176K, used 10568K [0x0000000080000000, 0x0000000083100000, 0x00000000d5580000)
  object space 50176K, 21% used [0x0000000080000000,0x0000000080a523f0,0x0000000083100000)
 Metaspace       used 34897K, capacity 35340K, committed 35496K, reserved 1081344K
  class space    used 4368K, capacity 4512K, committed 4520K, reserved 1048576K
Event: 13.094 GC heap after
Heap after GC invocations=10 (full 2):
 PSYoungGen      total 425984K, used 0K [0x00000000d5580000, 0x00000000f3280000, 0x0000000100000000)
  eden space 411648K, 0% used [0x00000000d5580000,0x00000000d5580000,0x00000000ee780000)
  from space 14336K, 0% used [0x00000000ef600000,0x00000000ef600000,0x00000000f0400000)
  to   space 14848K, 0% used [0x00000000ee780000,0x00000000ee780000,0x00000000ef600000)
 ParOldGen       total 74240K, used 15563K [0x0000000080000000, 0x0000000084880000, 0x00000000d5580000)
  object space 74240K, 20% used [0x0000000080000000,0x0000000080f32e48,0x0000000084880000)
 Metaspace       used 34897K, capacity 35340K, committed 35496K, reserved 1081344K
  class space    used 4368K, capacity 4512K, committed 4520K, reserved 1048576K
}
Event: 20.228 GC heap before
{Heap before GC invocations=11 (full 2):
 PSYoungGen      total 425984K, used 411648K [0x00000000d5580000, 0x00000000f3280000, 0x0000000100000000)
  eden space 411648K, 100% used [0x00000000d5580000,0x00000000ee780000,0x00000000ee780000)
  from space 14336K, 0% used [0x00000000ef600000,0x00000000ef600000,0x00000000f0400000)
  to   space 14848K, 0% used [0x00000000ee780000,0x00000000ee780000,0x00000000ef600000)
 ParOldGen       total 74240K, used 15563K [0x0000000080000000, 0x0000000084880000, 0x00000000d5580000)
  object space 74240K, 20% used [0x0000000080000000,0x0000000080f32e48,0x0000000084880000)
 Metaspace       used 47105K, capacity 47706K, committed 48040K, reserved 1091584K
  class space    used 5890K, capacity 6045K, committed 6056K, reserved 1048576K
Event: 20.248 GC heap after
Heap after GC invocations=11 (full 2):
 PSYoungGen      total 426496K, used 14838K [0x00000000d5580000, 0x00000000f9a80000, 0x0000000100000000)
  eden space 411648K, 0% used [0x00000000d5580000,0x00000000d5580000,0x00000000ee780000)
  from space 14848K, 99% used [0x00000000ee780000,0x00000000ef5fda60,0x00000000ef600000)
  to   space 19968K, 0% used [0x00000000f8700000,0x00000000f8700000,0x00000000f9a80000)
 ParOldGen       total 74240K, used 22681K [0x0000000080000000, 0x0000000084880000, 0x00000000d5580000)
  object space 74240K, 30% used [0x0000000080000000,0x0000000081626540,0x0000000084880000)
 Metaspace       used 47105K, capacity 47706K, committed 48040K, reserved 1091584K
  class space    used 5890K, capacity 6045K, committed 6056K, reserved 1048576K
}
Event: 24.934 GC heap before
{Heap before GC invocations=12 (full 2):
 PSYoungGen      total 426496K, used 426486K [0x00000000d5580000, 0x00000000f9a80000, 0x0000000100000000)
  eden space 411648K, 100% used [0x00000000d5580000,0x00000000ee780000,0x00000000ee780000)
  from space 14848K, 99% used [0x00000000ee780000,0x00000000ef5fda60,0x00000000ef600000)
  to   space 19968K, 0% used [0x00000000f8700000,0x00000000f8700000,0x00000000f9a80000)
 ParOldGen       total 74240K, used 22681K [0x0000000080000000, 0x0000000084880000, 0x00000000d5580000)
  object space 74240K, 30% used [0x0000000080000000,0x0000000081626540,0x0000000084880000)
 Metaspace       used 52138K, capacity 52818K, committed 53160K, reserved 1095680K
  class space    used 6508K, capacity 6699K, committed 6824K, reserved 1048576K
Event: 24.974 GC heap after
Heap after GC invocations=12 (full 2):
 PSYoungGen      total 565760K, used 19948K [0x00000000d5580000, 0x00000000f9c80000, 0x0000000100000000)
  eden space 545792K, 0% used [0x00000000d5580000,0x00000000d5580000,0x00000000f6a80000)
  from space 19968K, 99% used [0x00000000f8700000,0x00000000f9a7b258,0x00000000f9a80000)
  to   space 25600K, 0% used [0x00000000f6a80000,0x00000000f6a80000,0x00000000f8380000)
 ParOldGen       total 74240K, used 30771K [0x0000000080000000, 0x0000000084880000, 0x00000000d5580000)
  object space 74240K, 41% used [0x0000000080000000,0x0000000081e0cce0,0x0000000084880000)
 Metaspace       used 52138K, capacity 52818K, committed 53160K, reserved 1095680K
  class space    used 6508K, capacity 6699K, committed 6824K, reserved 1048576K
}
Event: 34.639 GC heap before
{Heap before GC invocations=13 (full 2):
 PSYoungGen      total 565760K, used 338052K [0x00000000d5580000, 0x00000000f9c80000, 0x0000000100000000)
  eden space 545792K, 58% used [0x00000000d5580000,0x00000000e8c25ef0,0x00000000f6a80000)
  from space 19968K, 99% used [0x00000000f8700000,0x00000000f9a7b258,0x00000000f9a80000)
  to   space 25600K, 0% used [0x00000000f6a80000,0x00000000f6a80000,0x00000000f8380000)
 ParOldGen       total 74240K, used 30771K [0x0000000080000000, 0x0000000084880000, 0x00000000d5580000)
  object space 74240K, 41% used [0x0000000080000000,0x0000000081e0cce0,0x0000000084880000)
 Metaspace       used 58196K, capacity 59002K, committed 59160K, reserved 1101824K
  class space    used 7125K, capacity 7316K, committed 7336K, reserved 1048576K
Event: 34.664 GC heap after
Heap after GC invocations=13 (full 2):
 PSYoungGen      total 571392K, used 8546K [0x00000000d5580000, 0x0000000100000000, 0x0000000100000000)
  eden space 545792K, 0% used [0x00000000d5580000,0x00000000d5580000,0x00000000f6a80000)
  from space 25600K, 33% used [0x00000000f6a80000,0x00000000f72d8b90,0x00000000f8380000)
  to   space 24576K, 0% used [0x00000000fe800000,0x00000000fe800000,0x0000000100000000)
 ParOldGen       total 74240K, used 45568K [0x0000000080000000, 0x0000000084880000, 0x00000000d5580000)
  object space 74240K, 61% used [0x0000000080000000,0x0000000082c80030,0x0000000084880000)
 Metaspace       used 58196K, capacity 59002K, committed 59160K, reserved 1101824K
  class space    used 7125K, capacity 7316K, committed 7336K, reserved 1048576K
}
Event: 34.664 GC heap before
{Heap before GC invocations=14 (full 3):
 PSYoungGen      total 571392K, used 8546K [0x00000000d5580000, 0x0000000100000000, 0x0000000100000000)
  eden space 545792K, 0% used [0x00000000d5580000,0x00000000d5580000,0x00000000f6a80000)
  from space 25600K, 33% used [0x00000000f6a80000,0x00000000f72d8b90,0x00000000f8380000)
  to   space 24576K, 0% used [0x00000000fe800000,0x00000000fe800000,0x0000000100000000)
 ParOldGen       total 74240K, used 45568K [0x0000000080000000, 0x0000000084880000, 0x00000000d5580000)
  object space 74240K, 61% used [0x0000000080000000,0x0000000082c80030,0x0000000084880000)
 Metaspace       used 58196K, capacity 59002K, committed 59160K, reserved 1101824K
  class space    used 7125K, capacity 7316K, committed 7336K, reserved 1048576K
Event: 34.931 GC heap after
Heap after GC invocations=14 (full 3):
 PSYoungGen      total 571392K, used 0K [0x00000000d5580000, 0x0000000100000000, 0x0000000100000000)
  eden space 545792K, 0% used [0x00000000d5580000,0x00000000d5580000,0x00000000f6a80000)
  from space 25600K, 0% used [0x00000000f6a80000,0x00000000f6a80000,0x00000000f8380000)
  to   space 24576K, 0% used [0x00000000fe800000,0x00000000fe800000,0x0000000100000000)
 ParOldGen       total 119296K, used 35184K [0x0000000080000000, 0x0000000087480000, 0x00000000d5580000)
  object space 119296K, 29% used [0x0000000080000000,0x000000008225c350,0x0000000087480000)
 Metaspace       used 58196K, capacity 59002K, committed 59160K, reserved 1101824K
  class space    used 7125K, capacity 7316K, committed 7336K, reserved 1048576K
}

