# JRE version: Java(TM) SE Runtime Environment (8.0_77-b03) (build 1.8.0_77-b03)
# Java VM: Java HotSpot(TM) 64-Bit Server VM (25.77-b03 mixed mode windows-amd64 compressed oops)
Heap:
 PSYoungGen      total 302080K, used 263268K [0x00000000d5580000, 0x00000000edb00000, 0x0000000100000000)
  eden space 291840K, 86% used [0x00000000d5580000,0x00000000e4cd4bf8,0x00000000e7280000)
  from space 10240K, 97% used [0x00000000e7280000,0x00000000e7c44538,0x00000000e7c80000)
  to   space 11264K, 0% used [0x00000000ed000000,0x00000000ed000000,0x00000000edb00000)
 ParOldGen       total 102912K, used 28205K [0x0000000080000000, 0x0000000086480000, 0x00000000d5580000)
  object space 102912K, 27% used [0x0000000080000000,0x0000000081b8b4d8,0x0000000086480000)
 Metaspace       used 45277K, capacity 45938K, committed 46336K, reserved 1089536K
  class space    used 5638K, capacity 5805K, committed 5888K, reserved 1048576K
GC Heap History (10 events):
Event: 11.178 GC heap before
{Heap before GC invocations=13 (full 1):
 PSYoungGen      total 181760K, used 181729K [0x00000000d5580000, 0x00000000e4580000, 0x0000000100000000)
  eden space 174080K, 100% used [0x00000000d5580000,0x00000000dff80000,0x00000000dff80000)
  from space 7680K, 99% used [0x00000000dff80000,0x00000000e06f8610,0x00000000e0700000)
  to   space 11264K, 0% used [0x00000000e3a80000,0x00000000e3a80000,0x00000000e4580000)
 ParOldGen       total 55296K, used 14936K [0x0000000080000000, 0x0000000083600000, 0x00000000d5580000)
  object space 55296K, 27% used [0x0000000080000000,0x0000000080e96258,0x0000000083600000)
 Metaspace       used 31261K, capacity 31766K, committed 32000K, reserved 1077248K
  class space    used 3863K, capacity 3984K, committed 4096K, reserved 1048576K
Event: 11.214 GC heap after
Heap after GC invocations=13 (full 1):
 PSYoungGen      total 235008K, used 4591K [0x00000000d5580000, 0x00000000e4b00000, 0x0000000100000000)
  eden space 223744K, 0% used [0x00000000d5580000,0x00000000d5580000,0x00000000e3000000)
  from space 11264K, 40% used [0x00000000e3a80000,0x00000000e3efbe30,0x00000000e4580000)
  to   space 10752K, 0% used [0x00000000e3000000,0x00000000e3000000,0x00000000e3a80000)
 ParOldGen       total 55296K, used 22205K [0x0000000080000000, 0x0000000083600000, 0x00000000d5580000)
  object space 55296K, 40% used [0x0000000080000000,0x00000000815af7a0,0x0000000083600000)
 Metaspace       used 31261K, capacity 31766K, committed 32000K, reserved 1077248K
  class space    used 3863K, capacity 3984K, committed 4096K, reserved 1048576K
}
Event: 13.147 GC heap before
{Heap before GC invocations=14 (full 1):
 PSYoungGen      total 235008K, used 228335K [0x00000000d5580000, 0x00000000e4b00000, 0x0000000100000000)
  eden space 223744K, 100% used [0x00000000d5580000,0x00000000e3000000,0x00000000e3000000)
  from space 11264K, 40% used [0x00000000e3a80000,0x00000000e3efbe30,0x00000000e4580000)
  to   space 10752K, 0% used [0x00000000e3000000,0x00000000e3000000,0x00000000e3a80000)
 ParOldGen       total 55296K, used 22205K [0x0000000080000000, 0x0000000083600000, 0x00000000d5580000)
  object space 55296K, 40% used [0x0000000080000000,0x00000000815af7a0,0x0000000083600000)
 Metaspace       used 33456K, capacity 34002K, committed 34304K, reserved 1079296K
  class space    used 4157K, capacity 4298K, committed 4352K, reserved 1048576K
Event: 13.163 GC heap after
Heap after GC invocations=14 (full 1):
 PSYoungGen      total 234496K, used 5735K [0x00000000d5580000, 0x00000000e8680000, 0x0000000100000000)
  eden space 223744K, 0% used [0x00000000d5580000,0x00000000d5580000,0x00000000e3000000)
  from space 10752K, 53% used [0x00000000e3000000,0x00000000e3599fd8,0x00000000e3a80000)
  to   space 10240K, 0% used [0x00000000e7c80000,0x00000000e7c80000,0x00000000e8680000)
 ParOldGen       total 55296K, used 25645K [0x0000000080000000, 0x0000000083600000, 0x00000000d5580000)
  object space 55296K, 46% used [0x0000000080000000,0x000000008190b7a0,0x0000000083600000)
 Metaspace       used 33456K, capacity 34002K, committed 34304K, reserved 1079296K
  class space    used 4157K, capacity 4298K, committed 4352K, reserved 1048576K
}
Event: 14.645 GC heap before
{Heap before GC invocations=15 (full 1):
 PSYoungGen      total 234496K, used 202671K [0x00000000d5580000, 0x00000000e8680000, 0x0000000100000000)
  eden space 223744K, 88% used [0x00000000d5580000,0x00000000e15d1f28,0x00000000e3000000)
  from space 10752K, 53% used [0x00000000e3000000,0x00000000e3599fd8,0x00000000e3a80000)
  to   space 10240K, 0% used [0x00000000e7c80000,0x00000000e7c80000,0x00000000e8680000)
 ParOldGen       total 55296K, used 25645K [0x0000000080000000, 0x0000000083600000, 0x00000000d5580000)
  object space 55296K, 46% used [0x0000000080000000,0x000000008190b7a0,0x0000000083600000)
 Metaspace       used 34848K, capacity 35370K, committed 35456K, reserved 1081344K
  class space    used 4312K, capacity 4430K, committed 4480K, reserved 1048576K
Event: 14.689 GC heap after
Heap after GC invocations=15 (full 1):
 PSYoungGen      total 302080K, used 3994K [0x00000000d5580000, 0x00000000e8f80000, 0x0000000100000000)
  eden space 291840K, 0% used [0x00000000d5580000,0x00000000d5580000,0x00000000e7280000)
  from space 10240K, 39% used [0x00000000e7c80000,0x00000000e8066b00,0x00000000e8680000)
  to   space 10240K, 0% used [0x00000000e7280000,0x00000000e7280000,0x00000000e7c80000)
 ParOldGen       total 55296K, used 29713K [0x0000000080000000, 0x0000000083600000, 0x00000000d5580000)
  object space 55296K, 53% used [0x0000000080000000,0x0000000081d04640,0x0000000083600000)
 Metaspace       used 34848K, capacity 35370K, committed 35456K, reserved 1081344K
  class space    used 4312K, capacity 4430K, committed 4480K, reserved 1048576K
}
Event: 14.689 GC heap before
{Heap before GC invocations=16 (full 2):
 PSYoungGen      total 302080K, used 3994K [0x00000000d5580000, 0x00000000e8f80000, 0x0000000100000000)
  eden space 291840K, 0% used [0x00000000d5580000,0x00000000d5580000,0x00000000e7280000)
  from space 10240K, 39% used [0x00000000e7c80000,0x00000000e8066b00,0x00000000e8680000)
  to   space 10240K, 0% used [0x00000000e7280000,0x00000000e7280000,0x00000000e7c80000)
 ParOldGen       total 55296K, used 29713K [0x0000000080000000, 0x0000000083600000, 0x00000000d5580000)
  object space 55296K, 53% used [0x0000000080000000,0x0000000081d04640,0x0000000083600000)
 Metaspace       used 34848K, capacity 35370K, committed 35456K, reserved 1081344K
  class space    used 4312K, capacity 4430K, committed 4480K, reserved 1048576K
Event: 14.852 GC heap after
Heap after GC invocations=16 (full 2):
 PSYoungGen      total 302080K, used 0K [0x00000000d5580000, 0x00000000e8f80000, 0x0000000100000000)
  eden space 291840K, 0% used [0x00000000d5580000,0x00000000d5580000,0x00000000e7280000)
  from space 10240K, 0% used [0x00000000e7c80000,0x00000000e7c80000,0x00000000e8680000)
  to   space 10240K, 0% used [0x00000000e7280000,0x00000000e7280000,0x00000000e7c80000)
 ParOldGen       total 102912K, used 28197K [0x0000000080000000, 0x0000000086480000, 0x00000000d5580000)
  object space 102912K, 27% used [0x0000000080000000,0x0000000081b894d8,0x0000000086480000)
 Metaspace       used 34848K, capacity 35370K, committed 35456K, reserved 1081344K
  class space    used 4312K, capacity 4430K, committed 4480K, reserved 1048576K
}
Event: 19.005 GC heap before
{Heap before GC invocations=17 (full 2):
 PSYoungGen      total 302080K, used 291840K [0x00000000d5580000, 0x00000000e8f80000, 0x0000000100000000)
  eden space 291840K, 100% used [0x00000000d5580000,0x00000000e7280000,0x00000000e7280000)
  from space 10240K, 0% used [0x00000000e7c80000,0x00000000e7c80000,0x00000000e8680000)
  to   space 10240K, 0% used [0x00000000e7280000,0x00000000e7280000,0x00000000e7c80000)
 ParOldGen       total 102912K, used 28197K [0x0000000080000000, 0x0000000086480000, 0x00000000d5580000)
  object space 102912K, 27% used [0x0000000080000000,0x0000000081b894d8,0x0000000086480000)
 Metaspace       used 42177K, capacity 42824K, committed 43136K, reserved 1087488K
  class space    used 5311K, capacity 5466K, committed 5504K, reserved 1048576K
Event: 19.017 GC heap after
Heap after GC invocations=17 (full 2):
 PSYoungGen      total 302080K, used 10001K [0x00000000d5580000, 0x00000000edb00000, 0x0000000100000000)
  eden space 291840K, 0% used [0x00000000d5580000,0x00000000d5580000,0x00000000e7280000)
  from space 10240K, 97% used [0x00000000e7280000,0x00000000e7c44538,0x00000000e7c80000)
  to   space 11264K, 0% used [0x00000000ed000000,0x00000000ed000000,0x00000000edb00000)
 ParOldGen       total 102912K, used 28205K [0x0000000080000000, 0x0000000086480000, 0x00000000d5580000)
  object space 102912K, 27% used [0x0000000080000000,0x0000000081b8b4d8,0x0000000086480000)
 Metaspace       used 42177K, capacity 42824K, committed 43136K, reserved 1087488K
  class space    used 5311K, capacity 5466K, committed 5504K, reserved 1048576K
}

