# JRE version: Java(TM) SE Runtime Environment (8.0_77-b03) (build 1.8.0_77-b03)
# Java VM: Java HotSpot(TM) 64-Bit Server VM (25.77-b03 mixed mode windows-amd64 compressed oops)
Heap:
 PSYoungGen      total 656384K, used 454174K [0x00000000d5580000, 0x0000000100000000, 0x0000000100000000)
  eden space 637440K, 71% used [0x00000000d5580000,0x00000000f1107bb8,0x00000000fc400000)
  from space 18944K, 0% used [0x00000000fc400000,0x00000000fc400000,0x00000000fd680000)
  to   space 31232K, 0% used [0x00000000fe180000,0x00000000fe180000,0x0000000100000000)
 ParOldGen       total 140800K, used 38789K [0x0000000080000000, 0x0000000088980000, 0x00000000d5580000)
  object space 140800K, 27% used [0x0000000080000000,0x00000000825e15b8,0x0000000088980000)
 Metaspace       used 60582K, capacity 61524K, committed 61824K, reserved 1103872K
  class space    used 7477K, capacity 7702K, committed 7808K, reserved 1048576K
GC Heap History (10 events):
Event: 20.172 GC heap before
{Heap before GC invocations=14 (full 2):
 PSYoungGen      total 569856K, used 569828K [0x00000000d5580000, 0x0000000100000000, 0x0000000100000000)
  eden space 554496K, 100% used [0x00000000d5580000,0x00000000f7300000,0x00000000f7300000)
  from space 15360K, 99% used [0x00000000f7300000,0x00000000f81f90f0,0x00000000f8200000)
  to   space 22016K, 0% used [0x00000000fea80000,0x00000000fea80000,0x0000000100000000)
 ParOldGen       total 87040K, used 28122K [0x0000000080000000, 0x0000000085500000, 0x00000000d5580000)
  object space 87040K, 32% used [0x0000000080000000,0x0000000081b76900,0x0000000085500000)
 Metaspace       used 49394K, capacity 50028K, committed 50432K, reserved 1093632K
  class space    used 6184K, capacity 6372K, committed 6400K, reserved 1048576K
Event: 20.207 GC heap after
Heap after GC invocations=14 (full 2):
 PSYoungGen      total 671744K, used 20325K [0x00000000d5580000, 0x0000000100000000, 0x0000000100000000)
  eden space 649728K, 0% used [0x00000000d5580000,0x00000000d5580000,0x00000000fd000000)
  from space 22016K, 92% used [0x00000000fea80000,0x00000000ffe59608,0x0000000100000000)
  to   space 24576K, 0% used [0x00000000fd000000,0x00000000fd000000,0x00000000fe800000)
 ParOldGen       total 87040K, used 41963K [0x0000000080000000, 0x0000000085500000, 0x00000000d5580000)
  object space 87040K, 48% used [0x0000000080000000,0x00000000828faf08,0x0000000085500000)
 Metaspace       used 49394K, capacity 50028K, committed 50432K, reserved 1093632K
  class space    used 6184K, capacity 6372K, committed 6400K, reserved 1048576K
}
Event: 22.883 GC heap before
{Heap before GC invocations=15 (full 2):
 PSYoungGen      total 671744K, used 670053K [0x00000000d5580000, 0x0000000100000000, 0x0000000100000000)
  eden space 649728K, 100% used [0x00000000d5580000,0x00000000fd000000,0x00000000fd000000)
  from space 22016K, 92% used [0x00000000fea80000,0x00000000ffe59608,0x0000000100000000)
  to   space 24576K, 0% used [0x00000000fd000000,0x00000000fd000000,0x00000000fe800000)
 ParOldGen       total 87040K, used 41963K [0x0000000080000000, 0x0000000085500000, 0x00000000d5580000)
  object space 87040K, 48% used [0x0000000080000000,0x00000000828faf08,0x0000000085500000)
 Metaspace       used 50820K, capacity 51446K, committed 51968K, reserved 1095680K
  class space    used 6351K, capacity 6539K, committed 6656K, reserved 1048576K
Event: 22.905 GC heap after
Heap after GC invocations=15 (full 2):
 PSYoungGen      total 672256K, used 22188K [0x00000000d5580000, 0x0000000100000000, 0x0000000100000000)
  eden space 649728K, 0% used [0x00000000d5580000,0x00000000d5580000,0x00000000fd000000)
  from space 22528K, 98% used [0x00000000fd000000,0x00000000fe5ab070,0x00000000fe600000)
  to   space 26624K, 0% used [0x00000000fe600000,0x00000000fe600000,0x0000000100000000)
 ParOldGen       total 87040K, used 41971K [0x0000000080000000, 0x0000000085500000, 0x00000000d5580000)
  object space 87040K, 48% used [0x0000000080000000,0x00000000828fcf08,0x0000000085500000)
 Metaspace       used 50820K, capacity 51446K, committed 51968K, reserved 1095680K
  class space    used 6351K, capacity 6539K, committed 6656K, reserved 1048576K
}
Event: 25.597 GC heap before
{Heap before GC invocations=16 (full 2):
 PSYoungGen      total 672256K, used 671916K [0x00000000d5580000, 0x0000000100000000, 0x0000000100000000)
  eden space 649728K, 100% used [0x00000000d5580000,0x00000000fd000000,0x00000000fd000000)
  from space 22528K, 98% used [0x00000000fd000000,0x00000000fe5ab070,0x00000000fe600000)
  to   space 26624K, 0% used [0x00000000fe600000,0x00000000fe600000,0x0000000100000000)
 ParOldGen       total 87040K, used 41971K [0x0000000080000000, 0x0000000085500000, 0x00000000d5580000)
  object space 87040K, 48% used [0x0000000080000000,0x00000000828fcf08,0x0000000085500000)
 Metaspace       used 52325K, capacity 53016K, committed 53376K, reserved 1095680K
  class space    used 6541K, capacity 6720K, committed 6784K, reserved 1048576K
Event: 25.640 GC heap after
Heap after GC invocations=16 (full 2):
 PSYoungGen      total 664064K, used 24714K [0x00000000d5580000, 0x0000000100000000, 0x0000000100000000)
  eden space 637440K, 0% used [0x00000000d5580000,0x00000000d5580000,0x00000000fc400000)
  from space 26624K, 92% used [0x00000000fe600000,0x00000000ffe22ad8,0x0000000100000000)
  to   space 30720K, 0% used [0x00000000fc400000,0x00000000fc400000,0x00000000fe200000)
 ParOldGen       total 87040K, used 41979K [0x0000000080000000, 0x0000000085500000, 0x00000000d5580000)
  object space 87040K, 48% used [0x0000000080000000,0x00000000828fef08,0x0000000085500000)
 Metaspace       used 52325K, capacity 53016K, committed 53376K, reserved 1095680K
  class space    used 6541K, capacity 6720K, committed 6784K, reserved 1048576K
}
Event: 71.150 GC heap before
{Heap before GC invocations=17 (full 2):
 PSYoungGen      total 664064K, used 574739K [0x00000000d5580000, 0x0000000100000000, 0x0000000100000000)
  eden space 637440K, 86% used [0x00000000d5580000,0x00000000f6ea21e8,0x00000000fc400000)
  from space 26624K, 92% used [0x00000000fe600000,0x00000000ffe22ad8,0x0000000100000000)
  to   space 30720K, 0% used [0x00000000fc400000,0x00000000fc400000,0x00000000fe200000)
 ParOldGen       total 87040K, used 41979K [0x0000000080000000, 0x0000000085500000, 0x00000000d5580000)
  object space 87040K, 48% used [0x0000000080000000,0x00000000828fef08,0x0000000085500000)
 Metaspace       used 58239K, capacity 59016K, committed 59160K, reserved 1101824K
  class space    used 7353K, capacity 7540K, committed 7552K, reserved 1048576K
Event: 71.213 GC heap after
Heap after GC invocations=17 (full 2):
 PSYoungGen      total 656384K, used 18860K [0x00000000d5580000, 0x0000000100000000, 0x0000000100000000)
  eden space 637440K, 0% used [0x00000000d5580000,0x00000000d5580000,0x00000000fc400000)
  from space 18944K, 99% used [0x00000000fc400000,0x00000000fd66b290,0x00000000fd680000)
  to   space 31232K, 0% used [0x00000000fe180000,0x00000000fe180000,0x0000000100000000)
 ParOldGen       total 87040K, used 41987K [0x0000000080000000, 0x0000000085500000, 0x00000000d5580000)
  object space 87040K, 48% used [0x0000000080000000,0x0000000082900f08,0x0000000085500000)
 Metaspace       used 58239K, capacity 59016K, committed 59160K, reserved 1101824K
  class space    used 7353K, capacity 7540K, committed 7552K, reserved 1048576K
}
Event: 71.213 GC heap before
{Heap before GC invocations=18 (full 3):
 PSYoungGen      total 656384K, used 18860K [0x00000000d5580000, 0x0000000100000000, 0x0000000100000000)
  eden space 637440K, 0% used [0x00000000d5580000,0x00000000d5580000,0x00000000fc400000)
  from space 18944K, 99% used [0x00000000fc400000,0x00000000fd66b290,0x00000000fd680000)
  to   space 31232K, 0% used [0x00000000fe180000,0x00000000fe180000,0x0000000100000000)
 ParOldGen       total 87040K, used 41987K [0x0000000080000000, 0x0000000085500000, 0x00000000d5580000)
  object space 87040K, 48% used [0x0000000080000000,0x0000000082900f08,0x0000000085500000)
 Metaspace       used 58239K, capacity 59016K, committed 59160K, reserved 1101824K
  class space    used 7353K, capacity 7540K, committed 7552K, reserved 1048576K
Event: 72.086 GC heap after
Heap after GC invocations=18 (full 3):
 PSYoungGen      total 656384K, used 0K [0x00000000d5580000, 0x0000000100000000, 0x0000000100000000)
  eden space 637440K, 0% used [0x00000000d5580000,0x00000000d5580000,0x00000000fc400000)
  from space 18944K, 0% used [0x00000000fc400000,0x00000000fc400000,0x00000000fd680000)
  to   space 31232K, 0% used [0x00000000fe180000,0x00000000fe180000,0x0000000100000000)
 ParOldGen       total 140800K, used 38789K [0x0000000080000000, 0x0000000088980000, 0x00000000d5580000)
  object space 140800K, 27% used [0x0000000080000000,0x00000000825e15b8,0x0000000088980000)
 Metaspace       used 58239K, capacity 59016K, committed 59160K, reserved 1101824K
  class space    used 7353K, capacity 7540K, committed 7552K, reserved 1048576K
}

