# JRE version: Java(TM) SE Runtime Environment (8.0_77-b03) (build 1.8.0_77-b03)
# Java VM: Java HotSpot(TM) 64-Bit Server VM (25.77-b03 mixed mode windows-amd64 compressed oops)
Heap:
 PSYoungGen      total 415232K, used 179030K [0x00000000d5580000, 0x00000000f7980000, 0x0000000100000000)
  eden space 407040K, 41% used [0x00000000d5580000,0x00000000dfc579e0,0x00000000ee300000)
  from space 8192K, 99% used [0x00000000f7180000,0x00000000f797e080,0x00000000f7980000)
  to   space 15872K, 0% used [0x00000000f5a80000,0x00000000f5a80000,0x00000000f6a00000)
 ParOldGen       total 105984K, used 27430K [0x0000000080000000, 0x0000000086780000, 0x00000000d5580000)
  object space 105984K, 25% used [0x0000000080000000,0x0000000081ac9ba8,0x0000000086780000)
 Metaspace       used 52057K, capacity 52876K, committed 52992K, reserved 1095680K
  class space    used 6370K, capacity 6546K, committed 6656K, reserved 1048576K
GC Heap History (10 events):
Event: 16.046 GC heap before
{Heap before GC invocations=14 (full 2):
 PSYoungGen      total 344064K, used 9842K [0x00000000d5580000, 0x00000000eb400000, 0x0000000100000000)
  eden space 331264K, 0% used [0x00000000d5580000,0x00000000d5580000,0x00000000e9900000)
  from space 12800K, 76% used [0x00000000ea780000,0x00000000eb11cad0,0x00000000eb400000)
  to   space 13824K, 0% used [0x00000000e9900000,0x00000000e9900000,0x00000000ea680000)
 ParOldGen       total 60416K, used 21981K [0x0000000080000000, 0x0000000083b00000, 0x00000000d5580000)
  object space 60416K, 36% used [0x0000000080000000,0x00000000815774a0,0x0000000083b00000)
 Metaspace       used 34862K, capacity 35214K, committed 35456K, reserved 1081344K
  class space    used 4351K, capacity 4468K, committed 4480K, reserved 1048576K
Event: 16.203 GC heap after
Heap after GC invocations=14 (full 2):
 PSYoungGen      total 344064K, used 0K [0x00000000d5580000, 0x00000000eb400000, 0x0000000100000000)
  eden space 331264K, 0% used [0x00000000d5580000,0x00000000d5580000,0x00000000e9900000)
  from space 12800K, 0% used [0x00000000ea780000,0x00000000ea780000,0x00000000eb400000)
  to   space 13824K, 0% used [0x00000000e9900000,0x00000000e9900000,0x00000000ea680000)
 ParOldGen       total 105984K, used 23205K [0x0000000080000000, 0x0000000086780000, 0x00000000d5580000)
  object space 105984K, 21% used [0x0000000080000000,0x00000000816a95d0,0x0000000086780000)
 Metaspace       used 34862K, capacity 35214K, committed 35456K, reserved 1081344K
  class space    used 4351K, capacity 4468K, committed 4480K, reserved 1048576K
}
Event: 19.094 GC heap before
{Heap before GC invocations=15 (full 2):
 PSYoungGen      total 344064K, used 331264K [0x00000000d5580000, 0x00000000eb400000, 0x0000000100000000)
  eden space 331264K, 100% used [0x00000000d5580000,0x00000000e9900000,0x00000000e9900000)
  from space 12800K, 0% used [0x00000000ea780000,0x00000000ea780000,0x00000000eb400000)
  to   space 13824K, 0% used [0x00000000e9900000,0x00000000e9900000,0x00000000ea680000)
 ParOldGen       total 105984K, used 23205K [0x0000000080000000, 0x0000000086780000, 0x00000000d5580000)
  object space 105984K, 21% used [0x0000000080000000,0x00000000816a95d0,0x0000000086780000)
 Metaspace       used 39333K, capacity 39832K, committed 40320K, reserved 1085440K
  class space    used 5018K, capacity 5131K, committed 5248K, reserved 1048576K
Event: 19.140 GC heap after
Heap after GC invocations=15 (full 2):
 PSYoungGen      total 345088K, used 7787K [0x00000000d5580000, 0x00000000f1180000, 0x0000000100000000)
  eden space 331264K, 0% used [0x00000000d5580000,0x00000000d5580000,0x00000000e9900000)
  from space 13824K, 56% used [0x00000000e9900000,0x00000000ea09ace0,0x00000000ea680000)
  to   space 13824K, 0% used [0x00000000f0400000,0x00000000f0400000,0x00000000f1180000)
 ParOldGen       total 105984K, used 23205K [0x0000000080000000, 0x0000000086780000, 0x00000000d5580000)
  object space 105984K, 21% used [0x0000000080000000,0x00000000816a95d0,0x0000000086780000)
 Metaspace       used 39333K, capacity 39832K, committed 40320K, reserved 1085440K
  class space    used 5018K, capacity 5131K, committed 5248K, reserved 1048576K
}
Event: 22.113 GC heap before
{Heap before GC invocations=16 (full 2):
 PSYoungGen      total 345088K, used 339051K [0x00000000d5580000, 0x00000000f1180000, 0x0000000100000000)
  eden space 331264K, 100% used [0x00000000d5580000,0x00000000e9900000,0x00000000e9900000)
  from space 13824K, 56% used [0x00000000e9900000,0x00000000ea09ace0,0x00000000ea680000)
  to   space 13824K, 0% used [0x00000000f0400000,0x00000000f0400000,0x00000000f1180000)
 ParOldGen       total 105984K, used 23205K [0x0000000080000000, 0x0000000086780000, 0x00000000d5580000)
  object space 105984K, 21% used [0x0000000080000000,0x00000000816a95d0,0x0000000086780000)
 Metaspace       used 44254K, capacity 44860K, committed 45312K, reserved 1089536K
  class space    used 5661K, capacity 5838K, committed 5888K, reserved 1048576K
Event: 22.176 GC heap after
Heap after GC invocations=16 (full 2):
 PSYoungGen      total 438784K, used 13822K [0x00000000d5580000, 0x00000000f1a80000, 0x0000000100000000)
  eden space 424960K, 0% used [0x00000000d5580000,0x00000000d5580000,0x00000000ef480000)
  from space 13824K, 99% used [0x00000000f0400000,0x00000000f117f988,0x00000000f1180000)
  to   space 15872K, 0% used [0x00000000ef480000,0x00000000ef480000,0x00000000f0400000)
 ParOldGen       total 105984K, used 23759K [0x0000000080000000, 0x0000000086780000, 0x00000000d5580000)
  object space 105984K, 22% used [0x0000000080000000,0x0000000081733d18,0x0000000086780000)
 Metaspace       used 44254K, capacity 44860K, committed 45312K, reserved 1089536K
  class space    used 5661K, capacity 5838K, committed 5888K, reserved 1048576K
}
Event: 5074.513 GC heap before
{Heap before GC invocations=17 (full 2):
 PSYoungGen      total 438784K, used 438782K [0x00000000d5580000, 0x00000000f1a80000, 0x0000000100000000)
  eden space 424960K, 100% used [0x00000000d5580000,0x00000000ef480000,0x00000000ef480000)
  from space 13824K, 99% used [0x00000000f0400000,0x00000000f117f988,0x00000000f1180000)
  to   space 15872K, 0% used [0x00000000ef480000,0x00000000ef480000,0x00000000f0400000)
 ParOldGen       total 105984K, used 23759K [0x0000000080000000, 0x0000000086780000, 0x00000000d5580000)
  object space 105984K, 22% used [0x0000000080000000,0x0000000081733d18,0x0000000086780000)
 Metaspace       used 51641K, capacity 52422K, committed 52736K, reserved 1095680K
  class space    used 6365K, capacity 6545K, committed 6656K, reserved 1048576K
Event: 5074.562 GC heap after
Heap after GC invocations=17 (full 2):
 PSYoungGen      total 440832K, used 11870K [0x00000000d5580000, 0x00000000f8200000, 0x0000000100000000)
  eden space 424960K, 0% used [0x00000000d5580000,0x00000000d5580000,0x00000000ef480000)
  from space 15872K, 74% used [0x00000000ef480000,0x00000000f0017a30,0x00000000f0400000)
  to   space 16896K, 0% used [0x00000000f7180000,0x00000000f7180000,0x00000000f8200000)
 ParOldGen       total 105984K, used 27430K [0x0000000080000000, 0x0000000086780000, 0x00000000d5580000)
  object space 105984K, 25% used [0x0000000080000000,0x0000000081ac9ba8,0x0000000086780000)
 Metaspace       used 51641K, capacity 52422K, committed 52736K, reserved 1095680K
  class space    used 6365K, capacity 6545K, committed 6656K, reserved 1048576K
}
Event: 24405.588 GC heap before
{Heap before GC invocations=18 (full 2):
 PSYoungGen      total 440832K, used 436830K [0x00000000d5580000, 0x00000000f8200000, 0x0000000100000000)
  eden space 424960K, 100% used [0x00000000d5580000,0x00000000ef480000,0x00000000ef480000)
  from space 15872K, 74% used [0x00000000ef480000,0x00000000f0017a30,0x00000000f0400000)
  to   space 16896K, 0% used [0x00000000f7180000,0x00000000f7180000,0x00000000f8200000)
 ParOldGen       total 105984K, used 27430K [0x0000000080000000, 0x0000000086780000, 0x00000000d5580000)
  object space 105984K, 25% used [0x0000000080000000,0x0000000081ac9ba8,0x0000000086780000)
 Metaspace       used 52048K, capacity 52876K, committed 52992K, reserved 1095680K
  class space    used 6370K, capacity 6546K, committed 6656K, reserved 1048576K
Event: 24405.871 GC heap after
Heap after GC invocations=18 (full 2):
 PSYoungGen      total 415232K, used 8184K [0x00000000d5580000, 0x00000000f7980000, 0x0000000100000000)
  eden space 407040K, 0% used [0x00000000d5580000,0x00000000d5580000,0x00000000ee300000)
  from space 8192K, 99% used [0x00000000f7180000,0x00000000f797e080,0x00000000f7980000)
  to   space 15872K, 0% used [0x00000000f5a80000,0x00000000f5a80000,0x00000000f6a00000)
 ParOldGen       total 105984K, used 27430K [0x0000000080000000, 0x0000000086780000, 0x00000000d5580000)
  object space 105984K, 25% used [0x0000000080000000,0x0000000081ac9ba8,0x0000000086780000)
 Metaspace       used 52048K, capacity 52876K, committed 52992K, reserved 1095680K
  class space    used 6370K, capacity 6546K, committed 6656K, reserved 1048576K
}

