# JRE version: Java(TM) SE Runtime Environment (8.0_77-b03) (build 1.8.0_77-b03)
# Java VM: Java HotSpot(TM) 64-Bit Server VM (25.77-b03 mixed mode windows-amd64 compressed oops)
Heap:
 PSYoungGen      total 654336K, used 177789K [0x00000000d5580000, 0x00000000ffd00000, 0x0000000100000000)
  eden space 641536K, 27% used [0x00000000d5580000,0x00000000e031f758,0x00000000fc800000)
  from space 12800K, 0% used [0x00000000fc800000,0x00000000fc800000,0x00000000fd480000)
  to   space 27136K, 0% used [0x00000000fe280000,0x00000000fe280000,0x00000000ffd00000)
 ParOldGen       total 112640K, used 39552K [0x0000000080000000, 0x0000000086e00000, 0x00000000d5580000)
  object space 112640K, 35% used [0x0000000080000000,0x00000000826a0150,0x0000000086e00000)
 Metaspace       used 59982K, capacity 60912K, committed 61312K, reserved 1103872K
  class space    used 7477K, capacity 7696K, committed 7808K, reserved 1048576K
GC Heap History (10 events):
Event: 20.648 GC heap before
{Heap before GC invocations=16 (full 2):
 PSYoungGen      total 576000K, used 575986K [0x00000000d5580000, 0x0000000100000000, 0x0000000100000000)
  eden space 563712K, 100% used [0x00000000d5580000,0x00000000f7c00000,0x00000000f7c00000)
  from space 12288K, 99% used [0x00000000f7c00000,0x00000000f87fc9c8,0x00000000f8800000)
  to   space 19456K, 0% used [0x00000000fed00000,0x00000000fed00000,0x0000000100000000)
 ParOldGen       total 70656K, used 31365K [0x0000000080000000, 0x0000000084500000, 0x00000000d5580000)
  object space 70656K, 44% used [0x0000000080000000,0x0000000081ea15c0,0x0000000084500000)
 Metaspace       used 49400K, capacity 50060K, committed 50432K, reserved 1093632K
  class space    used 6185K, capacity 6340K, committed 6400K, reserved 1048576K
Event: 20.676 GC heap after
Heap after GC invocations=16 (full 2):
 PSYoungGen      total 664064K, used 19431K [0x00000000d5580000, 0x0000000100000000, 0x0000000100000000)
  eden space 644608K, 0% used [0x00000000d5580000,0x00000000d5580000,0x00000000fcb00000)
  from space 19456K, 99% used [0x00000000fed00000,0x00000000ffff9f40,0x0000000100000000)
  to   space 27136K, 0% used [0x00000000fcb00000,0x00000000fcb00000,0x00000000fe580000)
 ParOldGen       total 70656K, used 43298K [0x0000000080000000, 0x0000000084500000, 0x00000000d5580000)
  object space 70656K, 61% used [0x0000000080000000,0x0000000082a48b58,0x0000000084500000)
 Metaspace       used 49400K, capacity 50060K, committed 50432K, reserved 1093632K
  class space    used 6185K, capacity 6340K, committed 6400K, reserved 1048576K
}
Event: 23.263 GC heap before
{Heap before GC invocations=17 (full 2):
 PSYoungGen      total 664064K, used 664039K [0x00000000d5580000, 0x0000000100000000, 0x0000000100000000)
  eden space 644608K, 100% used [0x00000000d5580000,0x00000000fcb00000,0x00000000fcb00000)
  from space 19456K, 99% used [0x00000000fed00000,0x00000000ffff9f40,0x0000000100000000)
  to   space 27136K, 0% used [0x00000000fcb00000,0x00000000fcb00000,0x00000000fe580000)
 ParOldGen       total 70656K, used 43298K [0x0000000080000000, 0x0000000084500000, 0x00000000d5580000)
  object space 70656K, 61% used [0x0000000080000000,0x0000000082a48b58,0x0000000084500000)
 Metaspace       used 50815K, capacity 51414K, committed 51840K, reserved 1095680K
  class space    used 6351K, capacity 6507K, committed 6528K, reserved 1048576K
Event: 23.308 GC heap after
Heap after GC invocations=17 (full 2):
 PSYoungGen      total 663552K, used 18910K [0x00000000d5580000, 0x0000000100000000, 0x0000000100000000)
  eden space 644608K, 0% used [0x00000000d5580000,0x00000000d5580000,0x00000000fcb00000)
  from space 18944K, 99% used [0x00000000fcb00000,0x00000000fdd77a40,0x00000000fdd80000)
  to   space 28672K, 0% used [0x00000000fe400000,0x00000000fe400000,0x0000000100000000)
 ParOldGen       total 70656K, used 46906K [0x0000000080000000, 0x0000000084500000, 0x00000000d5580000)
  object space 70656K, 66% used [0x0000000080000000,0x0000000082dceb78,0x0000000084500000)
 Metaspace       used 50815K, capacity 51414K, committed 51840K, reserved 1095680K
  class space    used 6351K, capacity 6507K, committed 6528K, reserved 1048576K
}
Event: 26.131 GC heap before
{Heap before GC invocations=18 (full 2):
 PSYoungGen      total 663552K, used 663518K [0x00000000d5580000, 0x0000000100000000, 0x0000000100000000)
  eden space 644608K, 100% used [0x00000000d5580000,0x00000000fcb00000,0x00000000fcb00000)
  from space 18944K, 99% used [0x00000000fcb00000,0x00000000fdd77a40,0x00000000fdd80000)
  to   space 28672K, 0% used [0x00000000fe400000,0x00000000fe400000,0x0000000100000000)
 ParOldGen       total 70656K, used 46906K [0x0000000080000000, 0x0000000084500000, 0x00000000d5580000)
  object space 70656K, 66% used [0x0000000080000000,0x0000000082dceb78,0x0000000084500000)
 Metaspace       used 52286K, capacity 53016K, committed 53376K, reserved 1095680K
  class space    used 6540K, capacity 6720K, committed 6784K, reserved 1048576K
Event: 26.153 GC heap after
Heap after GC invocations=18 (full 2):
 PSYoungGen      total 670208K, used 16349K [0x00000000d5580000, 0x0000000100000000, 0x0000000100000000)
  eden space 641536K, 0% used [0x00000000d5580000,0x00000000d5580000,0x00000000fc800000)
  from space 28672K, 57% used [0x00000000fe400000,0x00000000ff3f75f0,0x0000000100000000)
  to   space 28672K, 0% used [0x00000000fc800000,0x00000000fc800000,0x00000000fe400000)
 ParOldGen       total 70656K, used 51214K [0x0000000080000000, 0x0000000084500000, 0x00000000d5580000)
  object space 70656K, 72% used [0x0000000080000000,0x0000000083203a38,0x0000000084500000)
 Metaspace       used 52286K, capacity 53016K, committed 53376K, reserved 1095680K
  class space    used 6540K, capacity 6720K, committed 6784K, reserved 1048576K
}
Event: 598.136 GC heap before
{Heap before GC invocations=19 (full 2):
 PSYoungGen      total 670208K, used 653065K [0x00000000d5580000, 0x0000000100000000, 0x0000000100000000)
  eden space 641536K, 99% used [0x00000000d5580000,0x00000000fc34b1f0,0x00000000fc800000)
  from space 28672K, 57% used [0x00000000fe400000,0x00000000ff3f75f0,0x0000000100000000)
  to   space 28672K, 0% used [0x00000000fc800000,0x00000000fc800000,0x00000000fe400000)
 ParOldGen       total 70656K, used 51214K [0x0000000080000000, 0x0000000084500000, 0x00000000d5580000)
  object space 70656K, 72% used [0x0000000080000000,0x0000000083203a38,0x0000000084500000)
 Metaspace       used 58105K, capacity 58942K, committed 59160K, reserved 1101824K
  class space    used 7280K, capacity 7485K, committed 7552K, reserved 1048576K
Event: 598.177 GC heap after
Heap after GC invocations=19 (full 2):
 PSYoungGen      total 654336K, used 12432K [0x00000000d5580000, 0x00000000ffd00000, 0x0000000100000000)
  eden space 641536K, 0% used [0x00000000d5580000,0x00000000d5580000,0x00000000fc800000)
  from space 12800K, 97% used [0x00000000fc800000,0x00000000fd424170,0x00000000fd480000)
  to   space 27136K, 0% used [0x00000000fe280000,0x00000000fe280000,0x00000000ffd00000)
 ParOldGen       total 70656K, used 54358K [0x0000000080000000, 0x0000000084500000, 0x00000000d5580000)
  object space 70656K, 76% used [0x0000000080000000,0x0000000083515a68,0x0000000084500000)
 Metaspace       used 58105K, capacity 58942K, committed 59160K, reserved 1101824K
  class space    used 7280K, capacity 7485K, committed 7552K, reserved 1048576K
}
Event: 598.177 GC heap before
{Heap before GC invocations=20 (full 3):
 PSYoungGen      total 654336K, used 12432K [0x00000000d5580000, 0x00000000ffd00000, 0x0000000100000000)
  eden space 641536K, 0% used [0x00000000d5580000,0x00000000d5580000,0x00000000fc800000)
  from space 12800K, 97% used [0x00000000fc800000,0x00000000fd424170,0x00000000fd480000)
  to   space 27136K, 0% used [0x00000000fe280000,0x00000000fe280000,0x00000000ffd00000)
 ParOldGen       total 70656K, used 54358K [0x0000000080000000, 0x0000000084500000, 0x00000000d5580000)
  object space 70656K, 76% used [0x0000000080000000,0x0000000083515a68,0x0000000084500000)
 Metaspace       used 58105K, capacity 58942K, committed 59160K, reserved 1101824K
  class space    used 7280K, capacity 7485K, committed 7552K, reserved 1048576K
Event: 598.534 GC heap after
Heap after GC invocations=20 (full 3):
 PSYoungGen      total 654336K, used 0K [0x00000000d5580000, 0x00000000ffd00000, 0x0000000100000000)
  eden space 641536K, 0% used [0x00000000d5580000,0x00000000d5580000,0x00000000fc800000)
  from space 12800K, 0% used [0x00000000fc800000,0x00000000fc800000,0x00000000fd480000)
  to   space 27136K, 0% used [0x00000000fe280000,0x00000000fe280000,0x00000000ffd00000)
 ParOldGen       total 112640K, used 39552K [0x0000000080000000, 0x0000000086e00000, 0x00000000d5580000)
  object space 112640K, 35% used [0x0000000080000000,0x00000000826a0150,0x0000000086e00000)
 Metaspace       used 58097K, capacity 58924K, committed 59160K, reserved 1101824K
  class space    used 7278K, capacity 7482K, committed 7552K, reserved 1048576K
}

