# JRE version: Java(TM) SE Runtime Environment (8.0_77-b03) (build 1.8.0_77-b03)
# Java VM: Java HotSpot(TM) 64-Bit Server VM (25.77-b03 mixed mode windows-amd64 compressed oops)
Heap:
 PSYoungGen      total 260096K, used 115291K [0x00000000d5580000, 0x00000000e8c80000, 0x0000000100000000)
  eden space 256000K, 43% used [0x00000000d5580000,0x00000000dc256ea0,0x00000000e4f80000)
  from space 4096K, 93% used [0x00000000e8880000,0x00000000e8c40020,0x00000000e8c80000)
  to   space 8704K, 0% used [0x00000000e7b80000,0x00000000e7b80000,0x00000000e8400000)
 ParOldGen       total 95232K, used 32451K [0x0000000080000000, 0x0000000085d00000, 0x00000000d5580000)
  object space 95232K, 34% used [0x0000000080000000,0x0000000081fb0e70,0x0000000085d00000)
 Metaspace       used 45666K, capacity 46388K, committed 46592K, reserved 1089536K
  class space    used 5643K, capacity 5816K, committed 5888K, reserved 1048576K
GC Heap History (10 events):
Event: 14.202 GC heap before
{Heap before GC invocations=18 (full 1):
 PSYoungGen      total 225792K, used 203310K [0x00000000d5580000, 0x00000000e3a00000, 0x0000000100000000)
  eden space 217600K, 91% used [0x00000000d5580000,0x00000000e17a71f0,0x00000000e2a00000)
  from space 8192K, 54% used [0x00000000e3200000,0x00000000e3664770,0x00000000e3a00000)
  to   space 8192K, 0% used [0x00000000e2a00000,0x00000000e2a00000,0x00000000e3200000)
 ParOldGen       total 51200K, used 24761K [0x0000000080000000, 0x0000000083200000, 0x00000000d5580000)
  object space 51200K, 48% used [0x0000000080000000,0x000000008182e5a0,0x0000000083200000)
 Metaspace       used 34900K, capacity 35370K, committed 35456K, reserved 1081344K
  class space    used 4322K, capacity 4430K, committed 4480K, reserved 1048576K
Event: 14.241 GC heap after
Heap after GC invocations=18 (full 1):
 PSYoungGen      total 225792K, used 3975K [0x00000000d5580000, 0x00000000e6b00000, 0x0000000100000000)
  eden space 217600K, 0% used [0x00000000d5580000,0x00000000d5580000,0x00000000e2a00000)
  from space 8192K, 48% used [0x00000000e2a00000,0x00000000e2de1e18,0x00000000e3200000)
  to   space 7680K, 0% used [0x00000000e6380000,0x00000000e6380000,0x00000000e6b00000)
 ParOldGen       total 51200K, used 27837K [0x0000000080000000, 0x0000000083200000, 0x00000000d5580000)
  object space 51200K, 54% used [0x0000000080000000,0x0000000081b2f5b0,0x0000000083200000)
 Metaspace       used 34900K, capacity 35370K, committed 35456K, reserved 1081344K
  class space    used 4322K, capacity 4430K, committed 4480K, reserved 1048576K
}
Event: 14.241 GC heap before
{Heap before GC invocations=19 (full 2):
 PSYoungGen      total 225792K, used 3975K [0x00000000d5580000, 0x00000000e6b00000, 0x0000000100000000)
  eden space 217600K, 0% used [0x00000000d5580000,0x00000000d5580000,0x00000000e2a00000)
  from space 8192K, 48% used [0x00000000e2a00000,0x00000000e2de1e18,0x00000000e3200000)
  to   space 7680K, 0% used [0x00000000e6380000,0x00000000e6380000,0x00000000e6b00000)
 ParOldGen       total 51200K, used 27837K [0x0000000080000000, 0x0000000083200000, 0x00000000d5580000)
  object space 51200K, 54% used [0x0000000080000000,0x0000000081b2f5b0,0x0000000083200000)
 Metaspace       used 34900K, capacity 35370K, committed 35456K, reserved 1081344K
  class space    used 4322K, capacity 4430K, committed 4480K, reserved 1048576K
Event: 14.415 GC heap after
Heap after GC invocations=19 (full 2):
 PSYoungGen      total 225792K, used 0K [0x00000000d5580000, 0x00000000e6b00000, 0x0000000100000000)
  eden space 217600K, 0% used [0x00000000d5580000,0x00000000d5580000,0x00000000e2a00000)
  from space 8192K, 0% used [0x00000000e2a00000,0x00000000e2a00000,0x00000000e3200000)
  to   space 7680K, 0% used [0x00000000e6380000,0x00000000e6380000,0x00000000e6b00000)
 ParOldGen       total 95232K, used 28347K [0x0000000080000000, 0x0000000085d00000, 0x00000000d5580000)
  object space 95232K, 29% used [0x0000000080000000,0x0000000081baeea8,0x0000000085d00000)
 Metaspace       used 34900K, capacity 35370K, committed 35456K, reserved 1081344K
  class space    used 4322K, capacity 4430K, committed 4480K, reserved 1048576K
}
Event: 16.904 GC heap before
{Heap before GC invocations=20 (full 2):
 PSYoungGen      total 225792K, used 217600K [0x00000000d5580000, 0x00000000e6b00000, 0x0000000100000000)
  eden space 217600K, 100% used [0x00000000d5580000,0x00000000e2a00000,0x00000000e2a00000)
  from space 8192K, 0% used [0x00000000e2a00000,0x00000000e2a00000,0x00000000e3200000)
  to   space 7680K, 0% used [0x00000000e6380000,0x00000000e6380000,0x00000000e6b00000)
 ParOldGen       total 95232K, used 28347K [0x0000000080000000, 0x0000000085d00000, 0x00000000d5580000)
  object space 95232K, 29% used [0x0000000080000000,0x0000000081baeea8,0x0000000085d00000)
 Metaspace       used 40181K, capacity 40880K, committed 41088K, reserved 1085440K
  class space    used 5038K, capacity 5206K, committed 5248K, reserved 1048576K
Event: 16.921 GC heap after
Heap after GC invocations=20 (full 2):
 PSYoungGen      total 268800K, used 7565K [0x00000000d5580000, 0x00000000e6b00000, 0x0000000100000000)
  eden space 261120K, 0% used [0x00000000d5580000,0x00000000d5580000,0x00000000e5480000)
  from space 7680K, 98% used [0x00000000e6380000,0x00000000e6ae3700,0x00000000e6b00000)
  to   space 8704K, 0% used [0x00000000e5a00000,0x00000000e5a00000,0x00000000e6280000)
 ParOldGen       total 95232K, used 28355K [0x0000000080000000, 0x0000000085d00000, 0x00000000d5580000)
  object space 95232K, 29% used [0x0000000080000000,0x0000000081bb0ea8,0x0000000085d00000)
 Metaspace       used 40181K, capacity 40880K, committed 41088K, reserved 1085440K
  class space    used 5038K, capacity 5206K, committed 5248K, reserved 1048576K
}
Event: 1097.486 GC heap before
{Heap before GC invocations=21 (full 2):
 PSYoungGen      total 268800K, used 268685K [0x00000000d5580000, 0x00000000e6b00000, 0x0000000100000000)
  eden space 261120K, 100% used [0x00000000d5580000,0x00000000e5480000,0x00000000e5480000)
  from space 7680K, 98% used [0x00000000e6380000,0x00000000e6ae3700,0x00000000e6b00000)
  to   space 8704K, 0% used [0x00000000e5a00000,0x00000000e5a00000,0x00000000e6280000)
 ParOldGen       total 95232K, used 28355K [0x0000000080000000, 0x0000000085d00000, 0x00000000d5580000)
  object space 95232K, 29% used [0x0000000080000000,0x0000000081bb0ea8,0x0000000085d00000)
 Metaspace       used 45104K, capacity 45768K, committed 46080K, reserved 1089536K
  class space    used 5632K, capacity 5798K, committed 5888K, reserved 1048576K
Event: 1097.501 GC heap after
Heap after GC invocations=21 (full 2):
 PSYoungGen      total 275456K, used 5893K [0x00000000d5580000, 0x00000000e9100000, 0x0000000100000000)
  eden space 266752K, 0% used [0x00000000d5580000,0x00000000d5580000,0x00000000e5a00000)
  from space 8704K, 67% used [0x00000000e5a00000,0x00000000e5fc1478,0x00000000e6280000)
  to   space 8704K, 0% used [0x00000000e8880000,0x00000000e8880000,0x00000000e9100000)
 ParOldGen       total 95232K, used 32443K [0x0000000080000000, 0x0000000085d00000, 0x00000000d5580000)
  object space 95232K, 34% used [0x0000000080000000,0x0000000081faee70,0x0000000085d00000)
 Metaspace       used 45104K, capacity 45768K, committed 46080K, reserved 1089536K
  class space    used 5632K, capacity 5798K, committed 5888K, reserved 1048576K
}
Event: 3491.800 GC heap before
{Heap before GC invocations=22 (full 2):
 PSYoungGen      total 275456K, used 272645K [0x00000000d5580000, 0x00000000e9100000, 0x0000000100000000)
  eden space 266752K, 100% used [0x00000000d5580000,0x00000000e5a00000,0x00000000e5a00000)
  from space 8704K, 67% used [0x00000000e5a00000,0x00000000e5fc1478,0x00000000e6280000)
  to   space 8704K, 0% used [0x00000000e8880000,0x00000000e8880000,0x00000000e9100000)
 ParOldGen       total 95232K, used 32443K [0x0000000080000000, 0x0000000085d00000, 0x00000000d5580000)
  object space 95232K, 34% used [0x0000000080000000,0x0000000081faee70,0x0000000085d00000)
 Metaspace       used 45522K, capacity 46324K, committed 46592K, reserved 1089536K
  class space    used 5643K, capacity 5816K, committed 5888K, reserved 1048576K
Event: 3491.808 GC heap after
Heap after GC invocations=22 (full 2):
 PSYoungGen      total 260096K, used 3840K [0x00000000d5580000, 0x00000000e8c80000, 0x0000000100000000)
  eden space 256000K, 0% used [0x00000000d5580000,0x00000000d5580000,0x00000000e4f80000)
  from space 4096K, 93% used [0x00000000e8880000,0x00000000e8c40020,0x00000000e8c80000)
  to   space 8704K, 0% used [0x00000000e7b80000,0x00000000e7b80000,0x00000000e8400000)
 ParOldGen       total 95232K, used 32451K [0x0000000080000000, 0x0000000085d00000, 0x00000000d5580000)
  object space 95232K, 34% used [0x0000000080000000,0x0000000081fb0e70,0x0000000085d00000)
 Metaspace       used 45522K, capacity 46324K, committed 46592K, reserved 1089536K
  class space    used 5643K, capacity 5816K, committed 5888K, reserved 1048576K
}

